gvkey	year	gvkey	conm	year	Y	K	L	M	VA	w	i	r&d	naics_4digit
001161	2010	001161	ADVANCED MICRO DEVICES	2010	6569.283994577862	7780.788356327925	11.1	3683.6763307503998	2885.6076638274626	58192.89052542133	146.07906035631447	1386.7640527069043	3344
001161	2011	001161	ADVANCED MICRO DEVICES	2011	6761.4449397255485	2108.8614785360705	11.093	3826.6643366721914	2934.7806030533566	60953.890816253	241.73274028234383	1404.9506865209823	3344
001161	2012	001161	ADVANCED MICRO DEVICES	2012	5576.86967075692	2279.734653835373	10.34	3310.401201361817	2266.468469395102	62223.95935118233	126.18954998719127	1284.6665464861428	3344
001161	2013	001161	ADVANCED MICRO DEVICES	2013	5436.098401690638	2302.5735255951085	10.671	3286.8755596134515	2149.2228420771867	62682.861773938734	78.83770694898074	1127.1915005443557	3344
001161	2014	001161	ADVANCED MICRO DEVICES	2014	5622.785249634917	1834.1147459438864	9.687	3621.1630444328703	2001.6222052020466	64311.75515456021	87.69176805065815	989.5323721084793	3344
001327	2010	001327	SKYWORKS SOLUTIONS INC	2010	1084.2747890828898	541.135750839157	3.7	478.938434458899	605.3363546239909	58192.89052542133	87.77476188126141	132.3989537580812	3344
001327	2011	001327	SKYWORKS SOLUTIONS INC	2011	1460.7129988984857	623.6262587354868	4.4	622.03646321251	838.6765356859758	60953.890816253	97.33127054728293	163.06033649197448	3344
001327	2012	001327	SKYWORKS SOLUTIONS INC	2012	1613.3846929224565	712.5191825330469	4.7	710.2915976672183	903.0930952552382	62223.95935118233	89.30899361461901	201.65090087953166	3344
001327	2013	001327	SKYWORKS SOLUTIONS INC	2013	1838.3635281807178	783.3608437924985	4.75	839.6412523851536	998.7222757955641	62682.861773938734	116.19176333671209	212.3925366970755	3344
001327	2014	001327	SKYWORKS SOLUTIONS INC	2014	2340.103959233275	853.7760688346399	5.55	1017.0064234143152	1323.0975358189598	64311.75515456021	192.55266121439251	232.79856739343143	3344
001632	2010	001632	ANALOG DEVICES	2010	2793.5167013980217	2338.841013824885	8.5	751.3696967244624	2042.1470046735592	58192.89052542133	110.10906578492819	485.91521492375267	3344
001632	2011	001632	ANALOG DEVICES	2011	3081.4811764584774	2421.134792626728	9.2	772.2459568247566	2309.2352196337206	60953.890816253	118.92864049506865	488.8512860181783	3344
001632	2012	001632	ANALOG DEVICES	2012	2778.2952593522105	2523.1140708204925	9.2	709.2126348703493	2069.0826244818613	62223.95935118233	125.40774405343603	485.78517415106694	3344
001632	2013	001632	ANALOG DEVICES	2013	2701.8291306756396	2630.856151039637	9.1	681.726953774185	2020.1021769014544	62682.861773938734	115.51038029808161	481.7124676202275	3344
001632	2014	001632	ANALOG DEVICES	2014	2925.536390837699	2707.3004852821364	9.6	661.2515956414734	2264.2847951962253	64311.75515456021	164.22637399154468	516.6300515073754	3344
002577	2010	002577	CTS CORP	2010	559.0476864871426	415.41039934643663	4.369	238.62656645153456	320.4211200356081	58192.89052542133	13.098751418842225	18.075309677737746	3344
002577	2011	002577	CTS CORP	2011	605.8390553742574	387.9030707866788	4.234	289.2183983775827	316.6206569966748	60953.890816253	19.635467027654222	19.328949912976213	3344
002577	2012	002577	CTS CORP	2012	593.3966242555774	392.1920803498486	4.264	284.2455550641309	309.1510691914465	62223.95935118233	15.487158078503182	19.846864711519302	3344
002577	2013	002577	CTS CORP	2013	420.0547815917438	385.27419354838713	2.918	161.42551550093356	258.62926609081023	62682.861773938734	13.122724030483912	21.794871794871796	3344
002577	2014	002577	CTS CORP	2014	412.5905047843714	301.8061524541959	2.948	131.36316493571482	281.2273398486566	64311.75515456021	11.952849520926025	20.82725644765263	3344
002829	2010	002829	R F INDUSTRIES LTD	2010	16.51121856475206	3.1635741246613693	0.11	7.016549659093208	9.49466890565885	58192.89052542133	0.15002714306864728	0.41652272615111285	3344
002829	2011	002829	R F INDUSTRIES LTD	2011	20.006382606368195	3.3347313058952883	0.166	6.98189192806185	13.024490678306346	60953.890816253	0.3558305936956101	0.6014310578224714	3344
002829	2012	002829	R F INDUSTRIES LTD	2012	31.09655122759018	5.636406150831209	0.178	14.72872879874104	16.36782242884914	62223.95935118233	0.5597882292664876	0.44593299619533755	3344
002829	2013	002829	R F INDUSTRIES LTD	2013	37.57258047969798	3.179273339189518	0.145	19.425111307166752	18.147469172531235	62682.861773938734	0.2637309006269475	1.3139617824830123	3344
002829	2014	002829	R F INDUSTRIES LTD	2014	23.605281700928277	3.259	0.143	11.490080981996055	12.115200718932222	64311.75515456021	0.13661454391049901	0.0	3344
003532	2010	003532	CORNING INC	2010	6708.883808444777	15029.674086116092	26.2	2334.573006656281	4374.310801788496	58192.89052542133	993.9298228297882	484.62715293885407	3344
003532	2011	003532	CORNING INC	2011	8122.38132984692	16907.50013756672	28.8	2953.2443199950585	5169.137009851862	60953.890816253	2351.576097466641	544.3821311158383	3344
003532	2012	003532	CORNING INC	2012	8240.848358927415	19387.41201097626	28.7	3258.2462997438874	4982.602059183527	62223.95935118233	1708.7772896761767	602.4839416681689	3344
003532	2013	003532	CORNING INC	2013	8021.2971131947725	19823.42541676157	30.4	2884.239725886867	5137.057387307906	62682.861773938734	956.376468821564	666.3663325449563	3344
003532	2014	003532	CORNING INC	2014	9921.060425027828	18696.751934128504	34.6	3763.1918956731306	6157.868529354697	64311.75515456021	993.2246570790334	752.3030627503831	3344
003962	2010	003962	NORTECH SYSTEMS INC	2010	100.9771986970684	24.936253604872565	0.709	56.70692738786492	44.27027130920347	58192.89052542133	0.61886196515817	0.0	3344
003962	2011	003962	NORTECH SYSTEMS INC	2011	117.60055178661507	24.40401296083912	0.807	64.763411194268	52.83714059234706	60953.890816253	1.2280023206343067	0.0	3344
003962	2012	003962	NORTECH SYSTEMS INC	2012	109.99146292543945	27.54305838331591	0.717	61.97645413122409	48.01500879421536	62223.95935118233	4.206002068370067	0.0	3344
003962	2013	003962	NORTECH SYSTEMS INC	2013	113.93134861199451	31.890166730864472	0.777	61.60133158251093	52.33001702948358	62682.861773938734	1.1309456770657358	0.0	3344
003962	2014	003962	NORTECH SYSTEMS INC	2014	114.41847165630138	32.516621655332486	0.813	58.7078745544969	55.71059710180448	64311.75515456021	2.0187568076504143	0.0	3344
003969	2010	003969	DIODES INC	2010	619.9910979828838	356.1188311619588	3.986	202.45145770530274	417.5396402775811	58192.89052542133	87.65631939989143	26.238957706163944	3344
003969	2011	003969	DIODES INC	2011	653.9608190325204	431.81870088344914	4.499	214.3394620080503	439.6213570244701	60953.890816253	78.26435892477278	26.330497002514022	3344
003969	2012	003969	DIODES INC	2012	651.9095275809223	498.68234196218447	4.605	241.1496456599776	410.75988192094457	62223.95935118233	55.187529056804266	32.032221030959136	3344
003969	2013	003969	DIODES INC	2013	848.2385769096617	573.82435283616	6.151	277.64582572477894	570.5927511848828	62682.861773938734	44.162255509254045	45.333558583924614	3344
003969	2014	003969	DIODES INC	2014	909.5421913135831	703.9136785001043	6.794	254.35398833777555	655.1882029758075	64311.75515456021	53.322133402255986	48.125242306201194	3344
004450	2010	004450	ESPEY MFG & ELECTRONICS CORP	2010	29.23503348372347	14.589036775373748	0.166	14.25100046533271	14.98403301839076	58192.89052542133	0.43132803632236094	0.0493510339041603	3344
004450	2011	004450	ESPEY MFG & ELECTRONICS CORP	2011	30.368852880923214	15.39499111578019	0.166	14.261151545723138	16.107701335200076	60953.890816253	0.5869270934055308	0.04834654805646877	3344
004450	2012	004450	ESPEY MFG & ELECTRONICS CORP	2012	32.95207924050893	14.712672680249797	0.165	15.939808481532147	17.012270758976783	62223.95935118233	0.25427668719223506	0.13283110524967504	3344
004450	2013	004450	ESPEY MFG & ELECTRONICS CORP	2013	35.185375161574925	14.954898126537563	0.173	15.866507314470962	19.318867847103963	62682.861773938734	0.30314975410143785	0.05725119195104554	3344
004450	2014	004450	ESPEY MFG & ELECTRONICS CORP	2014	27.71259050478437	15.279126979120672	0.145	16.484870765805788	11.227719738978582	64311.75515456021	0.6553805822733398	0.08676869680801964	3344
004476	2010	004476	EXAR CORP	2010	116.45254617921378	111.07906779944105	0.368	68.4357051813786	48.01684099783519	58192.89052542133	2.2257316290776292	31.41588116271036	3344
004476	2011	004476	EXAR CORP	2011	138.85051318214104	113.09884055141596	0.572	60.35874365599811	78.49176952614295	60953.890816253	5.637207503384259	46.90678785534713	3344
004476	2012	004476	EXAR CORP	2012	150.17537002561122	119.25363142092023	0.477	76.62117811628934	73.55419190932187	62223.95935118233	3.468789434234371	49.24049071605454	3344
004476	2013	004476	EXAR CORP	2013	133.9440694310511	120.22812403747753	0.304	79.43329982149818	54.51076960955293	62682.861773938734	2.3829635469459776	33.57641626309269	3344
004476	2014	004476	EXAR CORP	2014	124.61423771739018	109.12694864228442	0.291	69.35651889750109	55.25771881988909	64311.75515456021	1.278453671054332	20.657411339007147	3344
005791	2010	005791	HUTCHINSON TECHNOLOGY INC	2010	351.21391142492973	1097.1115132323005	2.546	172.54314848159913	178.67076294333057	58192.89052542133	30.97468291960717	21.150866110645016	3344
005791	2011	005791	HUTCHINSON TECHNOLOGY INC	2011	286.2804846663029	1164.5668202764978	2.317	128.11788262180997	158.16260204449293	60953.890816253	13.059369561013344	14.109456584799846	3344
005791	2012	005791	HUTCHINSON TECHNOLOGY INC	2012	255.68949734116413	1199.3896871545965	2.06	110.45250609423694	145.23699124692718	62223.95935118233	26.452365816863853	15.630425913451045	3344
005791	2013	005791	HUTCHINSON TECHNOLOGY INC	2013	256.05367364943885	1113.4117041359189	2.436	70.8996163236833	185.15405732575553	62682.861773938734	17.719713180913764	13.722453729774374	3344
005791	2014	005791	HUTCHINSON TECHNOLOGY INC	2014	266.62479703440454	1104.6752801000268	2.489	67.62939860911122	198.99539842529333	64311.75515456021	15.953440286521316	15.983901637528383	3344
006003	2010	006003	INTEGRATED DEVICE TECH INC	2010	670.9339025229126	1014.5457109079274	2.112	277.497205980537	393.4366965423756	58192.89052542133	16.37566007007847	164.62419187681982	3344
006003	2011	006003	INTEGRATED DEVICE TECH INC	2011	551.6898465086114	1025.2584084426078	2.004	233.0342704783866	318.6555760302247	60953.890816253	12.499516534519435	152.2780893444208	3344
006003	2012	006003	INTEGRATED DEVICE TECH INC	2012	643.5771370971889	1048.8784103918479	2.053	233.62446334715045	409.9526737500385	62223.95935118233	11.86940804766739	168.45451009042	3344
006003	2013	006003	INTEGRATED DEVICE TECH INC	2013	540.3229446644372	1143.5350216970262	1.8	199.31204989843863	341.01089476599856	62682.861773938734	21.019634343206818	148.9929421481398	3344
006003	2014	006003	INTEGRATED DEVICE TECH INC	2014	497.57054011825613	425.1715207972802	1.748	174.5932538831531	322.97728623510307	64311.75515456021	25.711226392452968	156.76795835102553	3344
006008	2010	006008	INTEL CORP	2010	44128.715074756714	52629.72541682716	82.5	11799.32526756631	32329.389807190404	58192.89052542133	5139.416670779253	6490.647979075162	3344
006008	2011	006008	INTEL CORP	2011	55589.41310904992	55556.04468167061	100.1	16189.25354389071	39400.15956515921	60953.890816253	10408.044865596596	8073.873525430285	3344
006008	2012	006008	INTEL CORP	2012	54864.58965471133	61461.36505551028	105.0	15100.254055110414	39764.33559960092	62223.95935118233	10462.347125629762	9628.357543383587	3344
006008	2013	006008	INTEL CORP	2013	54071.687970619016	68564.36928379374	107.6	15346.46258642976	38725.22538418925	62682.861773938734	10052.74618012539	9958.891767090889	3344
006008	2014	006008	INTEL CORP	2014	57055.03303616106	72944.05198366569	106.7	13707.158481664164	43347.8745544969	64311.75515456021	9327.634906862111	10649.472926320454	3344
006021	2010	006021	INRAD OPTICS INC	2010	11.182147409310701	16.824884792626726	0.083	6.0021263681793355	5.180021041131365	58192.89052542133	0.2743917485071313	0.0	3344
006021	2011	006021	INRAD OPTICS INC	2011	13.565097437692378	17.56815793513041	0.081	7.451167914020115	6.113929523672264	60953.890816253	0.2939470121833301	0.0	3344
006021	2012	006021	INRAD OPTICS INC	2012	11.729734733550702	18.227689941852084	0.077	7.142145377122698	4.587589356428005	62223.95935118233	0.277047733806465	0.0	3344
006021	2013	006021	INRAD OPTICS INC	2013	11.526703461293831	18.935252151315304	0.071	7.544018137425882	3.9826853238679494	62682.861773938734	0.42797612343732405	0.0	3344
006021	2014	006021	INRAD OPTICS INC	2014	9.932293741000583	19.730019554658423	0.07	6.840762640033496	3.0915311009670865	64311.75515456021	0.3775361382391493	0.0	3344
006109	2010	006109	INTL RECTIFIER CORP	2010	905.6760475044005	1362.6509216589861	4.534	454.0849292896595	451.591118214741	58192.89052542133	57.31727779696985	98.02102354044318	3344
006109	2011	006109	INTL RECTIFIER CORP	2011	1211.2302988501015	1342.3294930875577	4.92	555.6159729871628	655.6143258629386	60953.890816253	141.50551150647843	115.39257397021852	3344
006109	2012	006109	INTL RECTIFIER CORP	2012	1080.596155230758	1510.4417215465355	4.911	540.6643942277033	539.9317610030548	62223.95935118233	121.5243318121009	128.18676053398102	3344
006109	2013	006109	INTL RECTIFIER CORP	2013	1002.3133424977943	1549.6290432028952	4.162	570.866735058167	431.44660743962737	62682.861773938734	68.14299658369937	119.28238915793821	3344
006109	2014	006109	INTL RECTIFIER CORP	2014	1130.0419717533161	1507.0280085841634	4.165	554.4825628299786	575.5594089233376	64311.75515456021	40.71759558402717	120.78202595676336	3344
006848	2010	006848	LGL GROUP INC	2010	47.19687620126651	23.09201010076246	0.233	24.359603050964047	22.83727315030247	58192.89052542133	0.7570448600898189	1.6147658293441247	3344
006848	2011	006848	LGL GROUP INC	2011	36.73292910159668	24.67216728601121	0.199	21.10811311625609	15.624815985340597	60953.890816253	1.6379810481531618	1.8158963450009669	3344
006848	2012	006848	LGL GROUP INC	2012	30.554498421155486	24.262770044718774	0.184	18.047926930870265	12.50657149028522	62223.95935118233	0.8596070096871827	1.9023311858971315	3344
006848	2013	006848	LGL GROUP INC	2013	26.878885492111042	25.29445109277571	0.153	17.535642914298613	9.34324257781243	62682.861773938734	0.42046777039456396	2.144573337838345	3344
006848	2014	006848	LGL GROUP INC	2014	23.501118225544563	25.155066316899163	0.142	13.629492560481198	9.871625665063364	64311.75515456021	0.24276773681392733	1.9993723115550057	3344
007291	2010	007291	METHODE ELECTRONICS INC	2010	433.8175491128331	348.63605519113327	2.876	198.70134137212463	235.11620774070846	58192.89052542133	16.842520850811823	21.709519814440114	3344
007291	2011	007291	METHODE ELECTRONICS INC	2011	387.0186022092054	318.1467011500578	2.315	192.34586520347133	194.67273700573406	60953.890816253	9.06884548443241	17.803132856314058	3344
007291	2012	007291	METHODE ELECTRONICS INC	2012	440.44619071618854	308.9748528036098	2.743	213.6546619627043	226.79152875348422	62223.95935118233	14.443485108684307	18.507168135715435	3344
007291	2013	007291	METHODE ELECTRONICS INC	2013	477.1281725107204	337.3150870843701	3.143	231.0012659266707	246.12690658404972	62682.861773938734	24.16188009160191	19.10875849382438	3344
007291	2014	007291	METHODE ELECTRONICS INC	2014	530.8620038193275	314.4882853677613	3.96	208.74977278065418	322.11223103867326	64311.75515456021	35.58901175992763	21.901711374083852	3344
007343	2010	007343	MICRON TECHNOLOGY INC	2010	8580.330588544723	18122.756212106422	25.9	2832.537479515245	5747.793109029478	58192.89052542133	608.0047376992547	615.9009031239204	3344
007343	2011	007343	MICRON TECHNOLOGY INC	2011	9046.829800595024	18852.32889180522	26.1	4088.593664748453	4958.2361358465705	60953.890816253	2465.6739508799074	764.8423902533359	3344
007343	2012	007343	MICRON TECHNOLOGY INC	2012	8528.846054945845	20509.306840242094	27.4	4204.159098155786	4324.686956790059	62223.95935118233	1612.000341565699	870.9925329942977	3344
007343	2013	007343	MICRON TECHNOLOGY INC	2013	9307.741233919449	21619.06838165831	30.9	4191.661913457397	5116.079320462052	62682.861773938734	1167.548898149191	873.7845853512032	3344
007343	2014	007343	MICRON TECHNOLOGY INC	2014	16704.962062028328	21717.690782438985	30.4	7771.953065163444	8933.008996864883	64311.75515456021	2453.5233629331515	1265.530673657393	3344
007346	2010	007346	MICROSEMI CORP	2010	524.2762053128857	210.4173060844349	2.25	231.47925223056222	292.79695308232345	58192.89052542133	16.01342348122193	54.67601046241919	3344
007346	2011	007346	MICROSEMI CORP	2011	860.4721069807184	227.15334226125594	2.7	378.2126643263777	482.25944265434066	60953.890816253	24.97195900212725	110.38000386772384	3344
007346	2012	007346	MICROSEMI CORP	2012	1041.4150972506504	236.48196170775086	3.2	441.8983162420416	599.516781008609	62223.95935118233	46.56584153249143	159.88690380181598	3344
007346	2013	007346	MICROSEMI CORP	2013	1001.1941155953137	368.85851058579675	3.1	411.4546872114734	589.7394283838404	62682.861773938734	35.033036753388146	160.0902879453392	3344
007346	2014	007346	MICROSEMI CORP	2014	1162.4061762813637	414.5107329336685	3.4	520.6637868529353	641.7423894284285	64311.75515456021	36.40962209463327	177.24167851274763	3344
008348	2010	008348	PARK ELECTROCHEMICAL CORP	2010	202.38128957857043	213.5547455110031	0.615	139.96248002104116	62.41880955752927	58192.89052542133	12.065340768889108	0.0	3344
008348	2011	008348	PARK ELECTROCHEMICAL CORP	2011	180.86041651653818	204.99031601657308	0.612	108.3709735533617	72.48944296317649	60953.890816253	3.3088377489847227	0.0	3344
008348	2012	008348	PARK ELECTROCHEMICAL CORP	2012	217.69745842033262	208.7425531393268	0.614	129.37006263949888	88.32739578083374	62223.95935118233	3.5095875594181996	0.0	3344
008348	2013	008348	PARK ELECTROCHEMICAL CORP	2013	198.25396499723013	217.0696227929374	0.613	126.60546379695931	71.64850120027081	62682.861773938734	3.7485452565979656	0.0	3344
008348	2014	008348	PARK ELECTROCHEMICAL CORP	2014	180.15787914994434	222.08099766958492	0.535	116.92844377725356	63.22943537269077	64311.75515456021	1.3356840880979195	0.0	3344
009216	2010	009216	ROGERS CORP	2010	383.5838711635341	334.96154716127575	1.94	205.88904849576144	177.69482266777266	58192.89052542133	12.443369688594975	19.532152198588562	3344
009216	2011	009216	ROGERS CORP	2011	569.441727833311	342.906044908924	2.6	300.84209225954555	268.59963557376545	60953.890816253	20.611100367433764	20.902146586733707	3344
009216	2012	009216	ROGERS CORP	2012	513.0072102280325	385.548218998096	2.4	271.04039167686665	241.96681855116583	62223.95935118233	22.556619258612674	18.322153381974818	3344
009216	2013	009216	ROGERS CORP	2013	551.3880054986766	390.2404666263138	2.5	281.60815773815625	269.77984776052034	62682.861773938734	15.822915493486505	20.31572624544806	3344
009216	2014	009216	ROGERS CORP	2014	623.8687540210165	390.6569157661901	2.8	303.62141682750723	320.24733719350917	64311.75515456021	26.542913582070263	21.11802388908376	3344
009599	2010	009599	SEMTECH CORP	2010	298.23780524814373	102.9857480878226	0.827	154.2244097355696	144.01339551257414	58192.89052542133	8.939446281399595	40.86759117603514	3344
009599	2011	009599	SEMTECH CORP	2011	294.999948527368	110.2437682275904	0.915	150.5222927969199	144.4776557304481	60953.890816253	8.394894604525238	43.363952813769096	3344
009599	2012	009599	SEMTECH CORP	2012	467.484031556319	119.81290926099157	0.982	226.55639920594916	240.9276323503698	62223.95935118233	24.22934239114965	66.05880622788123	3344
009599	2013	009599	SEMTECH CORP	2013	493.0353515665073	141.84067649517922	0.929	226.395947803607	266.6394037629004	62682.861773938734	20.238765626759772	77.94327439276195	3344
009599	2014	009599	SEMTECH CORP	2014	591.1042349601217	157.33384727744865	1.433	244.76107962378603	346.34315533633566	64311.75515456021	21.4761755312275	111.42300662765153	3344
009799	2010	009799	SOLITRON DEVICES INC	2010	8.557063952900236	2.181295861216582	0.081	2.698316709490764	5.858747243409472	58192.89052542133	0.21813156985638849	0.0	3344
009799	2011	009799	SOLITRON DEVICES INC	2011	7.950462738961694	2.399163594343257	0.079	2.1550664511679134	5.79539628779378	60953.890816253	0.16921291819764067	0.0	3344
009799	2012	009799	SOLITRON DEVICES INC	2012	9.188155066188042	2.5928575359049137	0.085	2.3624451004391958	6.825709965748845	62223.95935118233	0.3548488097384176	0.0	3344
009799	2013	009799	SOLITRON DEVICES INC	2013	8.513715915386035	2.9208165960490837	0.084	2.276854264552001	6.236861650834035	62682.861773938734	0.14172016368209633	0.0	3344
009799	2014	009799	SOLITRON DEVICES INC	2014	8.602677614043687	3.0869971936389153	0.084	2.3345036406155857	6.268173973428101	64311.75515456021	0.19753724592464048	0.0	3344
009922	2010	009922	SPARTON CORP	2010	175.9938899791612	47.463701412668605	0.703	124.80751613490604	51.18637384425515	58192.89052542133	1.5150767408577208	0.0	3344
009922	2011	009922	SPARTON CORP	2011	209.34125325564398	35.18170772119739	0.873	141.72440523373723	67.61684802190676	60953.890816253	3.0719396635080254	1.0732933668536067	3344
009922	2012	009922	SPARTON CORP	2012	229.96307458111764	38.688788504973814	0.867	157.86178990568075	72.10128467543687	62223.95935118233	4.0266800762830055	1.2267901363416414	3344
009922	2013	009922	SPARTON CORP	2013	272.89747430189374	41.98847926267281	1.24	171.84546256591227	101.05201173598148	62682.861773938734	3.6340428726958742	1.2201073694485116	3344
009922	2014	009922	SPARTON CORP	2014	343.26869070596285	59.731469762834976	1.385	223.40434831449198	119.86434239147086	64311.75515456021	3.2316724204774125	1.0790702826444145	3344
010200	2010	010200	SUPERTEX INC	2010	79.72363283225768	58.74381277331924	0.352	26.925413235680903	52.79821959657677	58192.89052542133	1.9454177565019988	14.364111928144895	3344
010200	2011	010200	SUPERTEX INC	2011	68.68919795344816	54.74478410258227	0.35	24.590020486107537	44.099177467340624	60953.890816253	1.1612840843163799	14.894604525236899	3344
010200	2012	010200	SUPERTEX INC	2012	85.54765847587504	50.61866359447004	0.373	28.090052765292164	57.45760571058288	62223.95935118233	1.1480402668007628	14.090533886163742	3344
010200	2013	010200	SUPERTEX INC	2013	67.23055458667596	53.064598018726464	0.361	24.332852541086186	42.89770204558978	62682.861773938734	1.0314599992491646	13.51409693283778	3344
010200	2014	010200	SUPERTEX INC	2014	62.293843121636385	55.86116327307093	0.33	22.688152936490916	39.60569018514547	64311.75515456021	0.6046116639282221	12.900843687115772	3344
010499	2010	010499	TEXAS INSTRUMENTS INC	2010	14127.905800473425	7096.214294029866	28.412	5505.666222914601	8622.239577558825	58192.89052542133	1183.4377930217638	1549.6224645906332	3344
010499	2011	010499	TEXAS INSTRUMENTS INC	2011	14100.412810508653	7170.367602022278	34.759	5586.7567197521075	8513.656090756544	60953.890816253	789.0156642815703	1658.2865983368788	3344
010499	2012	010499	TEXAS INSTRUMENTS INC	2012	13052.467008835358	7087.14616431687	34.151	5361.901097476934	7690.565911358423	62223.95935118233	469.65283641849385	1780.8856039545717	3344
010499	2013	010499	TEXAS INSTRUMENTS INC	2013	12520.773918217445	6891.0	32.209	4880.0402983237245	7640.73361989372	62682.861773938734	386.6801817021436	1428.4641663851035	3344
010499	2014	010499	TEXAS INSTRUMENTS INC	2014	13321.691533143388	6339.199381164185	31.003	4697.114132532704	8624.577400610684	64311.75515456021	355.38242841582513	1253.5307475030922	3344
010619	2010	010619	TOROTEL INC	2010	7.288526513848707	2.437006222867053	0.096	1.2346531248103263	6.0538733890383805	58192.89052542133	0.02368849627399694	0.0	3344
010619	2011	010619	TOROTEL INC	2011	7.299848670461916	2.5149769585253456	0.113	0.2864657861415077	7.013382884320408	60953.890816253	0.08122220073486754	0.0	3344
010619	2012	010619	TOROTEL INC	2012	11.450994106332862	2.630184331797235	0.143	1.6540036822562543	9.796990424076608	62223.95935118233	0.4990654382952076	0.0	3344
010619	2013	010619	TOROTEL INC	2013	11.108147479431256	3.233431350373219	0.113	3.6792650649377294	7.428882414493526	62682.861773938734	0.46551788865112437	0.0	3344
010619	2014	010619	TOROTEL INC	2014	12.235123515415172	3.700690896864391	0.121	3.0288124342595713	9.2063110811556	64311.75515456021	0.22984473941698821	0.0	3344
011169	2010	011169	VIDEO DISPLAY CORP	2010	73.74815384304127	35.78499687635158	0.461	42.54609221680458	31.202061626236677	58192.89052542133	0.978137491980457	1.2831268815081676	3344
011169	2011	011169	VIDEO DISPLAY CORP	2011	72.50537889004416	34.72223796515648	0.44	40.15441789600469	32.350960994039475	60953.890816253	0.40417714175207886	0.9669309611293754	3344
011169	2012	011169	VIDEO DISPLAY CORP	2012	60.725342768686424	35.11762044786247	0.31	34.92305318700308	25.802289581683347	62223.95935118233	0.9079954837424214	0.6641555262483751	3344
011169	2013	011169	VIDEO DISPLAY CORP	2013	65.89281684072303	27.94815668202765	0.324	37.362227374381916	28.530589466341116	62682.861773938734	0.5790817284228704	0.844689717310508	3344
011169	2014	011169	VIDEO DISPLAY CORP	2014	50.14450129183134	29.88971118266135	0.285	29.643536247868226	20.50096504396311	64311.75515456021	0.6692266509129174	0.8307641183746562	3344
011191	2010	011191	VISHAY INTERTECHNOLOGY INC	2010	2756.683593987092	3106.0138738879177	22.6	766.9466081291604	1989.736985857932	58192.89052542133	143.52563786211323	50.30646992054484	3344
011191	2011	011191	VISHAY INTERTECHNOLOGY INC	2011	2670.430002367741	2974.5148036388337	20.9	791.3011251917357	1879.1288771760055	60953.890816253	163.064204215819	53.96345000966931	3344
011191	2012	011191	VISHAY INTERTECHNOLOGY INC	2012	2293.795706777203	3072.263358906123	21.6	535.4868703907513	1758.3088363864517	62223.95935118233	142.59514027913508	54.23683786066017	3344
011191	2013	011191	VISHAY INTERTECHNOLOGY INC	2013	2432.3221650013334	3207.018227571847	22.5	579.8682779704136	1852.45388703092	62682.861773938734	143.66951984082291	58.274205053121605	3344
011191	2014	011191	VISHAY INTERTECHNOLOGY INC	2014	2546.1658650163904	3494.8642840986204	22.6	611.5329391460638	1934.6329258703267	64311.75515456021	144.89818524193697	60.27562907305187	3344
012215	2010	012215	CYPRESS SEMICONDUCTOR CORP	2010	887.7051004511704	1430.621365755202	3.5	352.8011006130253	534.9039998381452	58192.89052542133	50.12683215713369	174.52104821596012	3344
012215	2011	012215	CYPRESS SEMICONDUCTOR CORP	2011	1024.5153851697053	1513.448033707865	3.4	432.9136598070805	591.6017253626247	60953.890816253	77.89209050473796	183.68787468574743	3344
012215	2012	012215	CYPRESS SEMICONDUCTOR CORP	2012	791.671723769067	1557.8588984751202	3.6	320.3371630169816	471.33456075208534	62223.95935118233	31.322523411482297	180.17305995426813	3344
012215	2013	012215	CYPRESS SEMICONDUCTOR CORP	2013	741.3908779416894	1620.832651004598	3.4	299.8217033587066	441.56917458298284	62682.861773938734	34.37605586214664	179.17370574764425	3344
012215	2014	012215	CYPRESS SEMICONDUCTOR CORP	2014	740.8851852986529	1614.6677583926435	3.35	278.74697466376637	462.1382106348866	64311.75515456021	19.335573319548804	151.9006036885927	3344
012216	2010	012216	LINEAR TECHNOLOGY CORP	2010	1183.5515001922026	824.2487786631605	4.191	122.44272765897193	1061.1087725332306	58192.89052542133	37.844346839066276	196.37467304940037	3344
012216	2011	012216	LINEAR TECHNOLOGY CORP	2011	1527.6685986061211	861.0827108577129	4.505	172.90475504174438	1354.7638435643769	60953.890816253	116.43299168439374	219.02533359118158	3344
012216	2012	012216	LINEAR TECHNOLOGY CORP	2012	1302.7997490305793	989.0844791040886	4.365	144.77331495633754	1158.0264340742417	62223.95935118233	33.901344440543845	212.97285501484862	3344
012216	2013	012216	LINEAR TECHNOLOGY CORP	2013	1315.4106567635777	1026.1287039131419	4.306	159.44806828207405	1155.9625884815034	62682.861773938734	16.555918459285955	220.73056275106055	3344
012216	2014	012216	LINEAR TECHNOLOGY CORP	2014	1417.8344209225615	1025.8136712356225	4.661	156.69032198768414	1261.1440989348773	64311.75515456021	34.77117063894991	231.16842357893182	3344
012234	2010	012234	SIGMA DESIGNS INC	2010	211.58476136524573	14.440477156536558	0.326	112.15886458818055	99.42589677706516	58192.89052542133	15.487341459803584	44.543256181217	3344
012234	2011	012234	SIGMA DESIGNS INC	2011	212.15268841556946	30.59604359792145	0.499	106.93255026302515	105.2201381525443	60953.890816253	7.222007348675305	50.90214658673371	3344
012234	2012	012234	SIGMA DESIGNS INC	2012	295.11021054688706	40.775798252973395	0.592	137.03996790882817	158.0702426380589	62223.95935118233	13.902672751596345	73.31328216173135	3344
012234	2013	012234	SIGMA DESIGNS INC	2013	187.34175916617082	52.64842390253336	0.691	78.1761197398387	109.16563942633212	62682.861773938734	13.363929871982581	91.58970604797838	3344
012234	2014	012234	SIGMA DESIGNS INC	2014	221.20747934601675	69.85113428275946	0.945	91.95764018667731	129.24983915933944	64311.75515456021	16.27282293647424	95.51756604574742	3344
012482	2010	012482	CLEARFIELD INC	2010	24.649483076051553	4.409838771804325	0.136	15.094446355230946	9.555036720820604	58192.89052542133	0.4471203671716923	0.0	3344
012482	2011	012482	CLEARFIELD INC	2011	36.229526760621376	4.831939608889468	0.165	22.02344063661351	14.206086124007864	60953.890816253	0.7213304970025141	0.0	3344
012482	2012	012482	CLEARFIELD INC	2012	38.54437735926683	3.354958883232614	0.159	23.838120609320832	14.706256749946004	62223.95935118233	0.5227852785183639	0.0	3344
012482	2013	012482	CLEARFIELD INC	2013	54.73337573606352	3.570130908260405	0.179	35.38720736986808	19.34616836619545	62682.861773938734	0.9563764688215639	0.0	3344
012482	2014	012482	CLEARFIELD INC	2014	59.276165967137445	4.616367767589061	0.185	37.2460402561196	22.030125711017842	64311.75515456021	1.3089150220614028	0.6498421548175088	3344
012621	2010	012621	EMRISE CORP	2010	30.91528921439699	5.469909786456549	0.213	18.163111254982095	12.752177959414897	58192.89052542133	0.07896165424665647	1.7134678971524453	3344
012621	2011	012621	EMRISE CORP	2011	34.518576472889364	3.579688387567962	0.213	21.23067974757821	13.287896725311153	60953.890816253	0.14213885128601816	1.4977760587894025	3344
012621	2012	012621	EMRISE CORP	2012	35.01949127264124	3.663562656368412	0.213	20.09437273073244	14.925118541908803	62223.95935118233	0.24099357666726756	1.2021215025095588	3344
012621	2013	012621	EMRISE CORP	2013	32.723281150618604	4.217511403685163	0.203	18.143882722255277	14.579398428363323	62682.861773938734	3.392837031197207	1.06243195555055	3344
012621	2014	012621	EMRISE CORP	2014	36.42147401529773	7.826466099847395	0.194	21.095816100405415	15.325657914892316	64311.75515456021	0.32215186368083887	1.1676851219377111	3344
012945	2010	012945	PLEXUS CORP	2010	2036.7339713112267	473.68971929316666	8.7	1392.2681934974814	644.4657778137454	58192.89052542133	73.70478211518532	0.0	3344
012945	2011	012945	PLEXUS CORP	2011	2296.9476729223074	544.3471083475486	9.0	1596.7191344362207	700.2285384860867	60953.890816253	71.60220460259137	0.0	3344
012945	2012	012945	PLEXUS CORP	2012	2372.6196476142477	597.4927767841078	9.6	1617.5158141592008	755.1038334550467	62223.95935118233	60.435306507775366	0.0	3344
012945	2013	012945	PLEXUS CORP	2013	2285.675742218757	613.9836183001651	9.2	1559.1144668540594	726.5612753646976	62682.861773938734	101.47726846116305	0.0	3344
012945	2014	012945	PLEXUS CORP	2014	2428.6929526260424	710.3086362079168	12.0	1493.812485320098	934.8804673059446	64311.75515456021	60.26178300441229	0.0	3344
013200	2010	013200	PHOTRONICS INC	2010	430.48738543710925	1292.2083810344243	1.3	216.44870212636818	214.03868331074108	58192.89052542133	70.45452302225732	14.73819276513843	3344
013200	2011	013200	PHOTRONICS INC	2011	527.1003407488239	1417.0968106763178	1.35	256.4896694427573	270.61067130606654	60953.890816253	79.40533745890544	14.994198414233223	3344
013200	2012	013200	PHOTRONICS INC	2012	463.3049792744515	1493.1599185704592	1.3	229.32557110971683	233.9794081647347	62223.95935118233	92.01210660644989	18.379080998510393	3344
013200	2013	013200	PHOTRONICS INC	2013	433.1028539773077	1531.080072381814	1.3	224.69316153388456	208.40969244342315	62682.861773938734	59.87160716296881	19.48229905770169	3344
013200	2014	013200	PHOTRONICS INC	2014	465.18897501097797	1640.469350825605	1.5	234.10332608273845	231.08564892823952	64311.75515456021	84.07794413572839	20.227260139937602	3344
014256	2010	014256	MAXIM INTEGRATED PRODUCTS	2010	2020.7609201448602	2575.294235544322	9.2	359.9376858801872	1660.8232342646731	58192.89052542133	122.29284903518729	468.4913388935498	3344
014256	2011	014256	MAXIM INTEGRATED PRODUCTS	2011	2545.157969507613	2496.0357487608326	9.37	499.73265114938386	2045.4253183582289	60953.890816253	169.45755173080641	507.93656932894993	3344
014256	2012	014256	MAXIM INTEGRATED PRODUCTS	2012	2472.1814796910194	2469.428093888526	9.065	538.7056149265092	1933.4758647645103	62223.95935118233	250.81169293243642	525.6117346793552	3344
014256	2013	014256	MAXIM INTEGRATED PRODUCTS	2013	2504.625659123084	2615.7141819012327	9.019	531.0737417673727	1973.5519173557116	62682.861773938734	203.35623381011376	504.57915681195334	3344
014256	2014	014256	MAXIM INTEGRATED PRODUCTS	2014	2505.706524514159	2509.1964986537105	8.812	593.9876106736923	1911.7189138404667	64311.75515456021	122.32817028818285	517.6103531670575	3344
014282	2010	014282	AMPHENOL CORP	2010	3595.3031743783763	999.3528861497826	39.1	428.9774819430678	3166.3256924353086	58192.89052542133	108.03730938163154	76.56319399891427	3344
014282	2011	014282	AMPHENOL CORP	2011	4055.8230988583373	1060.753370427011	39.1	678.4247315702245	3377.3983672881127	60953.890816253	96.90775478630825	85.93792303229549	3344
014282	2012	014282	AMPHENOL CORP	2012	4414.660111290537	1096.838718553875	41.6	751.7021692397885	3662.957942050749	62223.95935118233	122.48830611876997	87.74443295349963	3344
014282	2013	014282	AMPHENOL CORP	2013	4734.062044769076	1176.5455168332865	44.5	772.4112107347293	3961.6508340343466	62682.861773938734	148.71044036490596	97.06517250441117	3344
014282	2014	014282	AMPHENOL CORP	2014	5458.880957487005	1355.573926803538	50.7	838.4310121217687	4620.449945365236	64311.75515456021	193.01419683571177	105.96857865490058	3344
014324	2010	014324	ALTERA CORP	2010	1977.0833754830355	472.79348563673375	2.666	654.8816274505836	1322.201748032452	58192.89052542133	12.280511276711247	261.21403543404233	3344
014324	2011	014324	ALTERA CORP	2011	2125.2792390286086	456.27721052455774	2.884	705.0652775919044	1420.213961436704	60953.890816253	30.76000773544769	314.9613227615548	3344
014324	2012	014324	ALTERA CORP	2012	1833.9641854293736	491.26590876192813	3.129	629.7666354669162	1204.1975499624575	62223.95935118233	57.79386510052468	341.965141322808	3344
014324	2013	014324	ALTERA CORP	2013	1777.397976979421	517.6628813761538	3.094	662.4668253349473	1114.9311516444736	62682.861773938734	39.942561099222885	361.51312084694223	3344
014324	2014	014324	ALTERA CORP	2014	1973.0696567711364	521.2494939113644	3.091	738.2098015787911	1234.859855192345	64311.75515456021	37.141617590045605	386.0007015341444	3344
016401	2010	016401	CIRRUS LOGIC INC	2010	176.66659922714305	71.19572992901557	0.479	88.04807696198432	88.61852226515873	58192.89052542133	3.02028327493461	43.73982134925726	3344
016401	2011	016401	CIRRUS LOGIC INC	2011	227.49770946787595	69.92375188451068	0.505	113.64328436570277	113.85442510217317	60953.890816253	3.5331657319667373	49.72055695223361	3344
016401	2012	016401	CIRRUS LOGIC INC	2012	380.1271304115281	71.93264681913914	0.57	187.4291885664915	192.69794184503667	62223.95935118233	19.032799795060576	60.660170593090875	3344
016401	2013	016401	CIRRUS LOGIC INC	2013	437.88649746609497	88.39266249338192	0.676	215.13679804673876	222.74969941935618	62682.861773938734	33.73878439764238	80.43041633817623	3344
016401	2014	016401	CIRRUS LOGIC INC	2014	826.9620007556957	124.6977197111093	0.652	446.23903270937365	380.7229680463221	64311.75515456021	48.83231487806229	105.29565971901711	3344
016597	2010	016597	LATTICE SEMICONDUCTOR CORP	2010	301.2199809820543	226.62557603686636	0.749	129.80256337629228	171.41741760576204	58192.89052542133	13.6761585155209	59.543009426047476	3344
016597	2011	016597	LATTICE SEMICONDUCTOR CORP	2011	327.7427191962034	245.157143543659	0.852	139.96446329486614	187.77825590133725	60953.890816253	12.571069425643008	69.47882421195126	3344
016597	2012	016597	LATTICE SEMICONDUCTOR CORP	2012	287.23244499758283	260.9546252316605	0.739	146.65198152700486	140.58046347057797	62223.95935118233	12.896951526134519	73.63587198876628	3344
016597	2013	016597	LATTICE SEMICONDUCTOR CORP	2013	341.1282545805207	241.13709677419354	0.783	166.64491885348485	174.48333572703586	62682.861773938734	11.73180162931261	75.99016405751398	3344
016597	2014	016597	LATTICE SEMICONDUCTOR CORP	2014	373.8927524687765	237.05948880343814	0.784	176.35674560624165	197.53600686253483	64311.75515456021	9.477172448169549	81.30319198035704	3344
021238	2010	021238	VICOR CORP	2010	253.6397110890809	321.75272038701473	1.07	115.17609808404313	138.46361300503776	58192.89052542133	11.94591126684104	35.51399101811183	3344
021238	2011	021238	VICOR CORP	2011	260.41857544343674	334.57842107311	1.045	130.77399396740753	129.64458147602917	60953.890816253	7.2191065557919165	37.67839876232837	3344
021238	2012	021238	VICOR CORP	2012	224.7482591567839	343.92825181899536	1.046	111.46764037316272	113.28061878362115	62223.95935118233	7.0172775316185465	36.76005958423864	3344
021238	2013	021238	VICOR CORP	2013	204.3127680091918	342.57995332113796	1.002	109.511680584337	94.80108742485481	62682.861773938734	5.79926418140181	37.39910650598791	3344
021238	2014	021238	VICOR CORP	2014	230.51887707688692	349.4947328581341	1.014	125.55511575421504	104.96376132267189	64311.75515456021	6.579651817527277	38.288072073402624	3344
021743	2010	021743	NVE CORP	2010	23.642948186214014	6.282221158235813	0.05	5.6150484552977105	18.027899730916303	58192.89052542133	0.3967823125894488	1.203178206583428	3344
021743	2011	021743	NVE CORP	2011	28.976003458960868	6.434767116881382	0.052	7.4739085228384035	21.502094936122468	60953.890816253	0.29588087410558883	1.0839296074260298	3344
021743	2012	021743	NVE CORP	2012	32.088086152453634	6.862700746437457	0.058	8.575370025611221	23.512716126842417	62223.95935118233	0.6954657153429414	1.2040190897274115	3344
021743	2013	021743	NVE CORP	2013	29.31841030796693	7.697539190460538	0.058	7.860321303268432	21.458089004698497	62682.861773938734	1.389045312910613	2.4402147388970232	3344
021743	2014	021743	NVE CORP	2014	27.606384608314695	9.28409862022167	0.054	5.3279576810351	22.278426927279597	64311.75515456021	1.6836819465726365	2.373216164823601	3344
022325	2010	022325	XILINX INC	2010	1846.3430918323993	868.8119738072966	3.145	785.3680478281101	1060.9750440042892	58192.89052542133	38.601391699156096	350.7792528253467	3344
022325	2011	022325	XILINX INC	2011	1887.557005939942	842.5340838837732	2.948	797.4468750965113	1090.1101308434304	60953.890816253	27.221040417714175	357.26648617288726	3344
022325	2012	022325	XILINX INC	2012	2437.123931579976	756.6173124345148	3.099	958.9766783580019	1478.147253221974	62223.95935118233	61.651659914418815	372.38441321859256	3344
022325	2013	022325	XILINX INC	2013	2298.709452389257	791.5808523923927	3.265	919.3807525800692	1379.3286998091878	62682.861773938734	65.76472575740512	408.5257348800541	3344
022325	2014	022325	XILINX INC	2014	2214.6502864495574	818.484952297902	3.329	854.6673365807828	1359.9829498687745	64311.75515456021	27.93675115845441	438.94068344194807	3344
023084	2010	023084	BENCHMARK ELECTRONICS INC	2010	2429.9906933457423	447.20959665437744	9.99	1710.7868776174964	719.2038157282459	58192.89052542133	35.313625820460935	0.0	3344
023084	2011	023084	BENCHMARK ELECTRONICS INC	2011	2319.3876815697095	473.654322346338	9.985	1623.615797980214	695.7718835894956	60953.890816253	69.03500290079289	0.0	3344
023084	2012	023084	BENCHMARK ELECTRONICS INC	2012	2538.6482622424733	524.5617124305288	9.949	1793.5830986494966	745.0651635929768	62223.95935118233	45.45765059726558	0.0	3344
023084	2013	023084	BENCHMARK ELECTRONICS INC	2013	2571.3155788998547	556.9977439057943	11.023	1748.9532550934575	822.3623238063971	62682.861773938734	25.180200473026243	0.0	3344
023084	2014	023084	BENCHMARK ELECTRONICS INC	2014	2856.388182551597	576.8164513714898	10.94	1993.8814783043822	862.5067042472145	64311.75515456021	40.80990270829103	0.0	3344
023616	2010	023616	ADVANCED PHOTONIX INC  -CL A	2010	30.019017945657232	11.260601908083922	0.153	14.481479758026989	15.537538187630243	58192.89052542133	0.7116419088979914	4.615308690717071	3344
023616	2011	023616	ADVANCED PHOTONIX INC  -CL A	2011	21.69571438865955	11.396266157958012	0.153	7.880326130596361	13.815388258063189	60953.890816253	0.1257010249468188	4.581318893830981	3344
023616	2012	023616	ADVANCED PHOTONIX INC  -CL A	2012	29.661705563498348	11.2	0.185	10.550219598243215	19.11148596525513	62223.95935118233	1.324515878061045	5.342656811863715	3344
023616	2013	023616	ADVANCED PHOTONIX INC  -CL A	2013	30.25810952214859	12.505	0.157	13.99186072754878	16.26624879459981	62682.861773938734	0.5471712279911402	6.1390171565867035	3344
023616	2014	023616	ADVANCED PHOTONIX INC  -CL A	2014	24.150608130878343	12.858905394068007	0.134	12.097480673590471	12.053127457287871	64311.75515456021	0.37661306699651076	5.245813871914635	3344
023767	2010	023767	ATMEL CORP	2010	1663.1193477249276	1867.9649807898215	5.2	823.9846642523319	839.1346834725958	58192.89052542133	98.51255983812861	233.73834081824015	3344
023767	2011	023767	ATMEL CORP	2011	1856.1576709663473	1910.758959501165	5.2	813.6299529540145	1042.5277180123328	60953.890816253	81.7675497969445	247.1988010056082	3344
023767	2012	023767	ATMEL CORP	2012	1473.0156444462727	1930.0270832021163	5.0	753.1499748002014	719.8656696460714	62223.95935118233	36.328358492177195	238.63961972352152	3344
023767	2013	023767	ATMEL CORP	2013	1422.3178563368144	1858.4569369192675	5.0	691.0092533699911	731.3086029668232	62682.861773938734	32.95885422532567	250.03566467695313	3344
023767	2014	023767	ATMEL CORP	2014	1443.311581548768	1823.4655178762105	5.2	661.6655943955967	781.6459871531712	64311.75515456021	41.25482304724279	253.44582494876954	3344
023943	2010	023943	PMC-SIERRA INC	2010	642.4444129726668	231.594822568184	1.149	218.90730370040663	423.5371092722602	58192.89052542133	11.192814489463554	185.03380545822435	3344
023943	2011	023943	PMC-SIERRA INC	2011	673.5749801830367	238.89459860682885	1.564	199.32525556161787	474.2497246214188	60953.890816253	12.281957068265326	219.5958228582479	3344
023943	2012	023943	PMC-SIERRA INC	2012	546.1639735453545	213.00109551245637	1.546	151.71840408133872	394.44556946401565	62223.95935118233	29.629875613157868	209.61412563924966	3344
023943	2013	023943	PMC-SIERRA INC	2013	521.1719567492153	183.376	1.448	149.76025769917317	371.4116990500421	62682.861773938734	15.815407140443742	198.07692307692307	3344
023943	2014	023943	PMC-SIERRA INC	2014	536.7513250206795	188.03616321794624	1.442	157.43962909633075	379.3116959243487	64311.75515456021	12.872228478593978	183.61640851440916	3344
024800	2010	024800	QUALCOMM INC	2010	11118.417059501891	4638.367228295286	17.5	3525.699516458616	7592.717543043276	58192.89052542133	420.4708088634457	2515.915708434092	3344
024800	2011	024800	QUALCOMM INC	2011	14984.712628295536	5024.551787141715	21.2	4491.242446391254	10493.470181904282	60953.890816253	573.3900599497196	2895.958228582479	3344
024800	2012	024800	QUALCOMM INC	2012	19667.156948458698	5392.113028704283	26.6	7191.514765024736	12475.642183433962	62223.95935118233	1218.2509938613052	3714.5269789462695	3344
024800	2013	024800	QUALCOMM INC	2013	25509.34569851659	5923.0	31.0	9673.811526703461	15835.534171813128	62682.861773938734	983.5942486015692	4661.748695423659	3344
024800	2014	024800	QUALCOMM INC	2014	27048.8036518489	6087.943542417213	31.3	10061.835523829948	16986.96812801895	64311.75515456021	1093.8394225266306	5055.661195931102	3344
025166	2010	025166	KOPIN CORP	2010	121.78161733465515	76.65574736746653	0.357	74.30475044004288	47.47686689461226	58192.89052542133	15.644277747618812	16.81981937521591	3344
025166	2011	025166	KOPIN CORP	2011	135.00756647690423	95.1998129363427	0.37	76.15303842946707	58.85452804743718	60953.890816253	6.896151614774705	21.401082962676465	3344
025166	2012	025166	KOPIN CORP	2012	35.631486376680414	102.29791448852694	0.304	19.74349279491479	15.887993581765627	62223.95935118233	9.328538762962893	11.501276127404005	3344
025166	2013	025166	KOPIN CORP	2013	23.490428609532408	43.557956160045116	0.18	28.34859147705123	-4.858162867518821	62682.861773938734	0.6963997447159965	15.000750835304277	3344
025166	2014	025166	KOPIN CORP	2014	32.48266495103295	30.99050663054177	0.198	29.32278627084546	3.1598786801874943	64311.75515456021	1.3753761515313752	14.306681189654219	3344
025170	2010	025170	LIGHTING SCIENCE GROUP CORP	2010	53.78538046007243	13.098254294713206	0.243	79.64997066380722	-25.864590203734796	58192.89052542133	6.5656615506094855	10.11400088831861	3344
025170	2011	025170	LIGHTING SCIENCE GROUP CORP	2011	112.19180761589064	12.737	1.455	70.16280793502095	42.02899968086968	60953.890816253	16.987043125120866	10.317153355250435	3344
025170	2012	025170	LIGHTING SCIENCE GROUP CORP	2012	130.74169692356747	26.742	0.377	168.2966047128766	-37.554907789309105	62223.95935118233	5.593138324620244	9.556249229105191	3344
025170	2013	025170	LIGHTING SCIENCE GROUP CORP	2013	85.37516157491946	30.73286285347678	0.432	126.22636492336733	-40.85120334844786	62682.861773938734	1.9878364680707286	9.703607763637047	3344
025170	2014	025170	LIGHTING SCIENCE GROUP CORP	2014	93.22120441571438	26.97447302262618	0.085	118.84239657690226	-25.62119216118788	64311.75515456021	0.5279967507892259	5.213506378422286	3344
025274	2010	025274	UNIVERSAL DISPLAY CORP	2010	30.898092135877153	28.40284906918412	0.086	11.31645052299351	19.581641612883644	58192.89052542133	0.36421063021270295	21.41341361101515	3344
025274	2011	025274	UNIVERSAL DISPLAY CORP	2011	63.093093402238026	28.625101865865147	0.093	25.555616178877685	37.53747722336035	60953.890816253	2.537226842003481	23.3310771610907	3344
025274	2012	025274	UNIVERSAL DISPLAY CORP	2012	85.62171502627979	32.979990869511965	0.117	26.34249920286352	59.279215823416266	62223.95935118233	2.5968481076311467	28.494169663273148	3344
025274	2013	025274	UNIVERSAL DISPLAY CORP	2013	150.4329181969265	35.272616839662035	0.124	54.97276513674881	95.46015306017769	62682.861773938734	4.420542853924991	32.11228741975448	3344
025274	2014	025274	UNIVERSAL DISPLAY CORP	2014	195.08287123556264	39.08457649464844	0.145	70.51609938421004	124.5667718513526	64311.75515456021	5.679657355954732	37.988073919545116	3344
025848	2010	025848	KEMET CORP	2010	813.7101179517268	1441.4689506420543	9.1	246.85435086086554	566.8557670908613	58192.89052542133	30.14459852933919	28.58017075457731	3344
025848	2011	025848	KEMET CORP	2011	758.0220096974439	1178.5153058772646	10.4	30.157815089716838	727.8641946077271	60953.890816253	12.493714948752658	21.334364726358537	3344
025848	2012	025848	KEMET CORP	2012	1047.579276508645	1159.9493087557603	11.0	141.4624111578536	906.1168653507915	62223.95935118233	33.197339582720566	24.539597901268536	3344
025848	2013	025848	KEMET CORP	2013	1010.3130962883932	1211.0426267281105	9.7	255.38542029996523	754.927675988428	62682.861773938734	46.283365243833764	27.630739197357062	3344
025848	2014	025848	KEMET CORP	2014	860.8335120451783	1272.0886023638316	9.8	162.6392165272714	698.1942955179069	64311.75515456021	42.621891557590416	25.83953329517972	3344
027794	2010	027794	CREE INC	2010	877.3413316608332	888.3740604561872	4.298	249.14545895967785	628.1958727011553	58192.89052542133	166.4353748211025	80.35039234071954	3344
027794	2011	027794	CREE INC	2011	1016.7028690845078	1038.3153238011578	4.753	321.07790897579764	695.6249601087102	60953.890816253	229.24482691935796	111.23090311351768	3344
027794	2012	027794	CREE INC	2012	1197.924359462267	1276.2274175283371	5.555	508.67255690525894	689.2518025570081	62223.95935118233	90.14962475212766	136.01620539484045	3344
027794	2013	027794	CREE INC	2013	1421.8408256221917	1381.6323564525003	6.12	618.4787952153306	803.3620304068611	62682.861773938734	72.70713668956715	146.3087059353531	3344
027794	2014	027794	CREE INC	2014	1682.5883602422311	1410.749208796559	7.13	729.2506561277738	953.3377041144573	64311.75515456021	164.82083187180385	167.42850813225766	3344
027965	2010	027965	MICROCHIP TECHNOLOGY INC	2010	913.7687903372652	1755.9083232263697	4.895	171.48039533048748	742.2883950067776	58192.89052542133	101.0413068153778	114.87341459803584	3344
027965	2011	027965	MICROCHIP TECHNOLOGY INC	2011	975.6421210842196	1856.0398082132776	5.418	174.85481629417643	800.7873047900432	60953.890816253	46.02978147360278	116.82749951653452	3344
027965	2012	027965	MICROCHIP TECHNOLOGY INC	2012	1529.6843339538996	1917.5541474654376	6.97	321.2006212521727	1208.483712701727	62223.95935118233	118.08115980530754	161.87083123808077	3344
027965	2013	027965	MICROCHIP TECHNOLOGY INC	2013	1418.9622273743819	2073.922899924056	6.923	288.0032971542296	1130.9589302201523	62682.861773938734	58.5369974096182	171.42508540751587	3344
027965	2014	027965	MICROCHIP TECHNOLOGY INC	2014	1615.1700826159329	2061.3105426022694	8.003	416.73362948439075	1198.436453131542	64311.75515456021	46.90863440840364	235.1274761386084	3344
028139	2010	028139	SANMINA CORP	2010	6391.942662917029	2381.4447522616388	44.199	3498.389873955531	2893.552788961498	58192.89052542133	80.35927552682229	12.835216897794009	3344
028139	2011	028139	SANMINA CORP	2011	6796.869434521665	2521.271819823435	45.505	3651.6753826990184	3145.1940518226465	60953.890816253	104.01663121253142	20.114097853413266	3344
028139	2012	028139	SANMINA CORP	2012	6267.379118109912	2537.9334045190667	44.879	3175.1797578762225	3092.1993602336893	62223.95935118233	74.60459026347998	20.777631241875955	3344
028139	2013	028139	SANMINA CORP	2013	6070.214817702456	2523.1318179633813	48.674	2729.000648351423	3341.214169351033	62682.861773938734	71.28242669970342	23.999511957052224	3344
028139	2014	028139	SANMINA CORP	2014	6346.931772923623	2439.577060677978	43.101	3228.0285775558345	3118.9031953677886	64311.75515456021	64.1599128620747	29.995200029538278	3344
028195	2010	028195	JABIL CIRCUIT INC	2010	13564.864345398264	2655.914570258343	69.0	8870.011329839966	4694.853015558298	58192.89052542133	393.2537136653013	27.720475743966837	3344
028195	2011	028195	JABIL CIRCUIT INC	2011	17005.350065370243	2718.0323273848458	121.0	8640.495578500912	8364.854486869332	60953.890816253	443.81067491781084	24.20614968091278	3344
028195	2012	028195	JABIL CIRCUIT INC	2012	17641.85532230028	3047.975330682463	141.0	7822.460734599836	9819.39458770044	62223.95935118233	472.211732781768	24.513980473827527	3344
028195	2013	028195	JABIL CIRCUIT INC	2013	18811.315373725352	3335.8381273162636	177.0	6601.7634748353485	12209.551898890006	62682.861773938734	691.5737507977625	26.71847430266171	3344
028195	2014	028195	JABIL CIRCUIT INC	2014	16096.469675152926	4206.334	142.0	6120.38846849055	9976.081206662378	64311.75515456021	576.0518396809865	26.40999132313032	3344
029304	2010	029304	ELECSYS CORP	2010	22.135674833592976	9.125064823732366	0.132	11.517559228761609	10.618115604831369	58192.89052542133	0.2901840793564625	0.7333563638158219	3344
029304	2011	029304	ELECSYS CORP	2011	17.529519554452897	8.965295296230547	0.12	9.596351619843725	7.9331679346091715	60953.890816253	0.025140204989363757	0.3858054534906208	3344
029304	2012	029304	ELECSYS CORP	2012	24.22677761435051	8.579485514890854	0.129	12.478545200209826	11.748232414140684	62223.95935118233	0.040798125183828755	1.2960520697932578	3344
029304	2013	029304	ELECSYS CORP	2013	23.701758345472825	8.410583524595864	0.127	11.50315558382404	12.198602761648784	62682.861773938734	0.2505912828021174	1.3496264594361227	3344
029304	2014	029304	ELECSYS CORP	2014	25.90300542262798	8.589426411120053	0.125	12.732453049845285	13.170552372782696	64311.75515456021	0.4172282016726051	1.5839902523676777	3344
029435	2010	029435	PLANAR SYSTEMS INC	2010	177.70449349545797	51.17529395578228	0.429	143.3106864669108	34.39380702854717	58192.89052542133	0.7264472190692395	10.37852243004491	3344
029435	2011	029435	PLANAR SYSTEMS INC	2011	191.9970351763967	50.38991746114384	0.471	151.4109574939005	40.5860776824962	60953.890816253	1.4407271320827693	10.392573970218526	3344
029435	2012	029435	PLANAR SYSTEMS INC	2012	176.2484185840799	52.47014802179057	0.422	152.26920378922682	23.979214794853092	62223.95935118233	3.6357771094053906	10.049621905746843	3344
029435	2013	029435	PLANAR SYSTEMS INC	2013	171.1247666140052	54.95959103635107	0.298	145.40471080654098	25.72005580746424	62682.861773938734	2.64387881518189	6.548222397417127	3344
029435	2014	029435	PLANAR SYSTEMS INC	2014	182.7997508246275	65.12635467677995	0.308	151.43366931160193	31.366081513025566	64311.75515456021	0.30553658131334577	5.430428120442336	3344
029698	2010	029698	SIGMATRON INTERNATIONAL INC	2010	135.29548627268497	68.76685192318274	1.7	27.495903048940868	107.79958322374411	58192.89052542133	0.810343976706312	0.0	3344
029698	2011	029698	SIGMATRON INTERNATIONAL INC	2011	126.08324154047293	69.2422825070159	1.7	15.068098292138071	111.01514324833487	60953.890816253	2.4937149487526593	0.0	3344
029698	2012	029698	SIGMATRON INTERNATIONAL INC	2012	156.06183721958797	72.4162218676058	1.78	35.19961326023678	120.86222395935118	62223.95935118233	4.668064555917151	0.0	3344
029698	2013	029698	SIGMATRON INTERNATIONAL INC	2013	160.68856562506411	77.18483464480273	1.7	47.12612076571124	113.56244485935288	62682.861773938734	2.1652213087059353	0.0	3344
029698	2014	029698	SIGMATRON INTERNATIONAL INC	2014	202.649020148484	79.50696087602488	2.7	21.40130510707391	181.2477150414101	64311.75515456021	6.619343880960733	0.0	3344
031147	2010	031147	MICREL INC	2010	300.81332065470286	282.53917050691246	0.837	116.21658000687881	184.59674064782408	58192.89052542133	9.633321818092089	45.67043379558802	3344
031147	2011	031147	MICREL INC	2011	266.6539700841063	295.1200217255263	0.781	107.9638353287557	158.69013475535056	60953.890816253	7.036356604138464	48.30013537033456	3344
031147	2012	031147	MICREL INC	2012	257.25599909486436	300.0840982267288	0.796	106.53362270244693	150.7223763924174	62223.95935118233	8.56001593973263	54.25391614562084	3344
031147	2013	031147	MICREL INC	2013	243.21385338230166	314.7968138247604	0.728	106.36425039496089	136.84960298734077	62682.861773938734	6.87483575477719	52.42050531215978	3344
031147	2014	031147	MICREL INC	2014	252.8456031780072	308.20438271901577	0.707	113.14294700938491	139.7026561686223	64311.75515456021	10.83131796112024	57.2608783945945	3344
031488	2010	031488	INTEGRATED SILICON SOLUTION	2010	255.38470876241732	73.12598959511423	0.452	159.7155886458818	95.66912011653551	58192.89052542133	7.979075161624635	23.753639638750432	3344
031488	2011	031488	INTEGRATED SILICON SOLUTION	2011	278.4751747495856	76.04471712189202	0.469	187.45664460206507	91.01853014752056	60953.890816253	6.139044672210404	26.708567008315605	3344
031488	2012	031488	INTEGRATED SILICON SOLUTION	2012	273.54638305750694	81.64089583447974	0.552	173.53425424025178	100.01212881725517	62223.95935118233	5.726918223478846	29.334800800781803	3344
031488	2013	031488	INTEGRATED SILICON SOLUTION	2013	315.52760622909784	86.55083026930879	0.59	211.53985514680235	103.9877510822955	62682.861773938734	21.765776926831098	38.329203739159816	3344
031488	2014	031488	INTEGRATED SILICON SOLUTION	2014	335.9547807971569	104.3591101145058	0.59	220.77362825893812	115.1811525382188	64311.75515456021	19.703878745361568	41.76251223069397	3344
031743	2010	031743	ANADIGICS INC	2010	219.22633378517816	311.66562545052625	0.59	117.13300422845813	102.09332955672001	58192.89052542133	5.493757094211124	49.46947638553027	3344
031743	2011	031743	ANADIGICS INC	2011	157.3281586180628	289.79744511068543	0.54	101.93495918220282	55.39319943585996	60953.890816253	5.61980274608393	43.54766969638368	3344
031743	2012	031743	ANADIGICS INC	2012	115.86044454501507	281.1852522053834	0.504	93.74120938461066	22.119235160404408	62223.95935118233	2.6718028027363205	41.644449082990974	3344
031743	2013	031743	ANADIGICS INC	2013	137.71517675783252	282.342230264646	0.477	108.82388436365127	28.891292394181256	62682.861773938734	6.0667492585501375	36.213725269362165	3344
031743	2014	031743	ANADIGICS INC	2014	88.11208806919721	289.5832152613264	0.293	65.47801027337806	22.63407779581916	64311.75515456021	0.7846105562427308	24.65338674838924	3344
061562	2010	061562	ADVANCED ENERGY INDS INC	2010	464.7399194772088	134.45020006120853	1.788	226.47086814898742	238.2690513282214	58192.89052542133	18.686275477471252	55.869318462221784	3344
061562	2011	061562	ADVANCED ENERGY INDS INC	2011	532.0200949155334	132.48020809771543	1.471	302.2401815954457	229.77991332008773	60953.890816253	18.262425062850514	62.83504157803132	3344
061562	2012	061562	ADVANCED ENERGY INDS INC	2012	464.8395955689497	113.89928307248452	1.354	266.71715129136106	198.12244427758864	62223.95935118233	9.70900500014232	55.102137632000904	3344
061562	2013	061562	ADVANCED ENERGY INDS INC	2013	561.1563634871459	100.64919256674511	1.504	323.9814029832373	237.17496050390855	62682.861773938734	9.02034763674588	54.73026241693884	3344
061562	2014	061562	ADVANCED ENERGY INDS INC	2014	595.4658251891792	100.565	1.656	348.3989910439835	247.06683414519568	64311.75515456021	5.635349936308085	54.49074159543633	3344
063531	2010	063531	MICROVISION INC	2010	4.794950128472292	19.43844237422219	0.108	23.770603111659614	-18.97565298318732	58192.89052542133	1.8615209988649262	21.31964664659725	3344
063531	2011	063531	MICROVISION INC	2011	5.782435479055787	20.923115287396712	0.103	18.210368646990396	-12.42793316793461	60953.890816253	0.5318120286211565	14.773738155095726	3344
063531	2012	063531	MICROVISION INC	2012	8.603931168550652	21.033526706677506	0.067	12.850629994960041	-4.246698826409389	62223.95935118233	0.5057069935576914	12.462404053246296	3344
063531	2013	063531	MICROVISION INC	2013	6.003405896715157	20.64230631568672	0.064	5.746396109891464	0.25700978682369274	62682.861773938734	0.3528925930097233	9.896009310357774	3344
063531	2014	063531	MICROVISION INC	2014	3.558918742277095	9.438335432387523	0.066	3.447181969506653	0.11173677277044203	64311.75515456021	0.1910757472261709	8.369486957003343	3344
064163	2010	064163	DIGITAL POWER CORP	2010	10.516519311307587	2.3452974200466787	0.031	7.5573006656281	2.9592186456794862	58192.89052542133	0.0848837783151557	0.5537186004046786	3344
064163	2011	064163	DIGITAL POWER CORP	2011	11.561782600191478	2.4148138817156894	0.03	7.597051647638949	3.964730952552529	60953.890816253	0.2610713595049314	0.7242312898859021	3344
064163	2012	064163	DIGITAL POWER CORP	2012	8.834329325365397	2.676829043779226	0.029	6.188469806527261	2.6458595188381353	62223.95935118233	0.14611421577464254	0.6679507006840801	3344
064163	2013	064163	DIGITAL POWER CORP	2013	8.996901865036213	2.751152073732719	0.028	6.567783499866637	2.429118365169576	62682.861773938734	0.2027255321545219	0.7208018921049668	3344
064163	2014	064163	DIGITAL POWER CORP	2014	9.21336151874432	2.7202030390785152	0.026	7.011247612920357	2.2021139058239627	64311.75515456021	0.10984547787398231	0.7532261339930215	3344
064637	2010	064637	EMCORE CORP	2010	193.49545794808506	159.54107742254996	0.9	117.58006757440263	75.91539037368241	58192.89052542133	1.3847900113507379	29.154616789221734	3344
064637	2011	064637	EMCORE CORP	2011	206.84586005620812	160.89033181092833	1.0	126.09044770895312	80.75541234725499	60953.890816253	7.091471668922838	31.76658286598337	3344
064637	2012	064637	EMCORE CORP	2012	168.45910946998137	165.1514658510396	1.06	107.68669964925994	60.77240982072145	62223.95935118233	11.585718758598441	21.19415163619458	3344
064637	2013	064637	EMCORE CORP	2013	172.49738402511335	132.75198212561958	0.857	108.3973676111533	64.10001641396006	62682.861773938734	6.796936591958554	18.744603371250516	3344
064637	2014	064637	EMCORE CORP	2014	178.48513628054695	140.61323875530104	0.769	116.34800404399374	62.1371322365532	64311.75515456021	2.770136799158159	17.627891520667568	3344
064853	2010	064853	QORVO INC	2010	896.7831347239363	901.511319017431	4.095	441.15162765290233	455.631507071034	58192.89052542133	45.86388984849233	169.94324631101023	3344
064853	2011	064853	QORVO INC	2011	1007.2092568381393	778.9155688436265	3.687	430.5991723200774	576.6100845180619	60953.890816253	8.165731966737575	134.364726358538	3344
064853	2012	064853	QORVO INC	2012	1081.797517048435	765.2921818389444	3.726	476.80168684364816	604.9958302047869	62223.95935118233	24.397278859929596	133.87193183866714	3344
064853	2013	064853	QORVO INC	2013	893.8960585978375	761.5799724093159	3.986	386.1675742218758	507.72848437596167	62682.861773938734	43.220895746518	142.3743289409468	3344
064853	2014	064853	QORVO INC	2014	984.5970813802682	822.414276371111	4.191	459.7209889402898	524.8760924399784	64311.75515456021	50.432920412797465	165.03867668506658	3344
064915	2010	064915	INTEST CORP	2010	46.739636231209666	4.240826907016345	0.128	28.37687094098368	18.362765290225987	58192.89052542133	0.6504466268568326	3.0044909440852785	3344
064915	2011	064915	INTEST CORP	2011	48.658108483719204	4.731194629395257	0.131	28.933270879873167	19.724837603846037	60953.890816253	0.7542061496809128	3.1328563140591763	3344
064915	2012	064915	INTEST CORP	2012	44.61495736605535	4.511087877620646	0.131	27.74757413369264	16.867383232362712	62223.95935118233	0.40893004544721384	3.6955511067677445	3344
064915	2013	064915	INTEST CORP	2013	40.44604936498492	4.803835448262724	0.127	23.773616610927597	16.672432754057326	62682.861773938734	0.3979427112662837	3.4566580320606675	3344
064915	2014	064915	INTEST CORP	2014	42.682515854293676	4.75324649517621	0.125	25.069697619558223	17.612818234735453	64311.75515456021	0.7670722026325991	3.304595048645855	3344
065036	2010	065036	QUICKLOGIC CORP	2010	26.502721184777553	25.33126282261995	0.078	14.120796325894755	12.381924858882797	58192.89052542133	0.8182401421309776	7.36120021714455	3344
065036	2011	065036	QUICKLOGIC CORP	2011	21.586592408816234	24.811967931233987	0.081	12.833146316103727	8.753446092712506	60953.890816253	0.8663701411719203	9.510732933668537	3344
065036	2012	065036	QUICKLOGIC CORP	2012	15.370848461783735	24.834206353020328	0.086	12.274198492126349	3.0966499696573866	62223.95935118233	1.1774528686774766	8.295302522842206	3344
065036	2013	065036	QUICKLOGIC CORP	2013	26.74654793902214	23.89470902013552	0.089	23.113853382301652	3.632694556720486	62682.861773938734	1.179749971843676	7.860307091639449	3344
065036	2014	065036	QUICKLOGIC CORP	2014	28.435607569212543	20.729262672811057	0.098	21.218050917557672	7.21755665165487	64311.75515456021	0.9655325197998782	11.248546162792845	3344
065590	2010	065590	STONERIDGE INC	2010	642.5900823436583	317.33770640126664	6.8	165.9965201205818	476.5935622230765	58192.89052542133	18.332922074717466	37.07545773083946	3344
065590	2011	065590	STONERIDGE INC	2011	787.9152554586727	336.9359464085329	10.8	52.06353781694284	735.8517176417299	60953.890816253	25.42061496809128	34.09688648230516	3344
065590	2012	065590	STONERIDGE INC	2012	965.3199345833805	409.71968760980695	8.7	310.94473529926057	654.37519928412	62223.95935118233	25.002609182424546	42.504056092678155	3344
065590	2013	065590	STONERIDGE INC	2013	972.3527360019698	426.06197597122787	9.3	266.60723445290205	705.7455015490677	62682.861773938734	23.786462439463904	42.479445883545445	3344
065590	2014	065590	STONERIDGE INC	2014	674.5902392696302	419.8559637306262	4.2	306.0371924879753	368.55304678165487	64311.75515456021	22.8497055402736	38.40807133494563	3344
065643	2010	065643	FAIRCHILD SEMICONDUCTOR INTL	2010	1618.2450887166933	2287.8387722022603	8.977	614.22815262913	1004.0169360875634	58192.89052542133	155.94926713714653	118.63988550560134	3344
065643	2011	065643	FAIRCHILD SEMICONDUCTOR INTL	2011	1635.5943544817221	2437.9099751187514	8.817	610.1004025159822	1025.4939519657398	60953.890816253	180.23593115451558	148.32720943724618	3344
065643	2012	065643	FAIRCHILD SEMICONDUCTOR INTL	2012	1437.314215771988	2589.79868807962	9.077	518.8873085586744	918.4269072133138	62223.95935118233	144.12174919589742	148.86571724052865	3344
065643	2013	065643	FAIRCHILD SEMICONDUCTOR INTL	2013	1441.7612179158375	2603.6366065761786	8.659	549.6807300108742	892.0804879049633	62682.861773938734	70.57851860194467	161.0541727672035	3344
065643	2014	065643	FAIRCHILD SEMICONDUCTOR INTL	2014	1463.8031923041574	2637.931610417664	8.272	544.9817999857031	918.8213923184543	64311.75515456021	50.307382723798625	153.04521202946444	3344
065675	2010	065675	CUI GLOBAL INC	2010	41.40753029720598	3.0613486975574125	0.086	33.645339591721125	7.762190705484859	58192.89052542133	0.3573014854661205	0.7303953017815723	3344
065675	2011	065675	CUI GLOBAL INC	2011	40.08482689753858	3.2301012449452045	0.061	34.15743419223999	5.927392705298592	60953.890816253	0.40901179655772574	0.6923225681686327	3344
065675	2012	065675	CUI GLOBAL INC	2012	42.258519074704544	2.973	0.069	38.148150129084684	4.110368945619862	62223.95935118233	0.6508724157234077	0.7504957446606639	3344
065675	2013	065675	CUI GLOBAL INC	2013	62.22121914688443	3.461	0.17	47.39803853177128	14.823180615113154	62682.861773938734	2.3679468408604576	0.8353042760070579	3344
065675	2014	065675	CUI GLOBAL INC	2014	77.65795574073506	10.538580545349062	0.2	61.963787874146014	15.694167866589048	64311.75515456021	1.0116860819318036	1.0790702826444145	3344
065739	2010	065739	PERICOM SEMICONDUCTOR CORP	2010	148.61614097558015	92.2450351956095	0.869	66.36343091832401	82.25271005725615	58192.89052542133	10.21862508019543	16.984651828455803	3344
065739	2011	065739	PERICOM SEMICONDUCTOR CORP	2011	171.24224050072576	93.68907892090975	0.991	72.44864575505203	98.79359474567373	60953.890816253	11.327596209630633	19.561013343647264	3344
065739	2012	065739	PERICOM SEMICONDUCTOR CORP	2012	141.05201444102732	109.5445721345002	0.976	48.42979953303228	92.62221490799504	62223.95935118233	4.102583564997106	20.60969477309601	3344
065739	2013	065739	PERICOM SEMICONDUCTOR CORP	2013	132.5991505775662	108.80670291325164	0.99	41.00824801493671	91.59090256262951	62682.861773938734	12.417877388594812	19.72538198746105	3344
065739	2014	065739	PERICOM SEMICONDUCTOR CORP	2014	130.78439181806112	117.02683636869456	0.94	37.90484360160536	92.87954821645577	64311.75515456021	4.569202651060609	18.272195248029245	3344
065904	2010	065904	APPLIED MICRO CIRCUITS CORP	2010	216.69937483561617	125.04074662348043	0.551	94.65289619034132	122.04647864527485	58192.89052542133	7.164783102205992	83.58782016483245	3344
065904	2011	065904	APPLIED MICRO CIRCUITS CORP	2011	211.6534038851543	109.87584192160999	0.562	89.23396370149995	122.41944018365433	60953.890816253	7.282923999226456	85.18274995165345	3344
065904	2012	065904	APPLIED MICRO CIRCUITS CORP	2012	254.78539028830627	94.91390702157045	0.672	86.21693220739948	168.5684580809068	62223.95935118233	9.241249750941677	103.16422668576904	3344
065904	2013	065904	APPLIED MICRO CIRCUITS CORP	2013	236.8606249615298	92.84	0.728	31.042639364779728	205.81798559675005	62682.861773938734	12.448849344896196	164.86090775988288	3344
065904	2014	065904	APPLIED MICRO CIRCUITS CORP	2014	199.79167304923254	105.92015002714307	0.649	15.876327318403222	183.91534573082933	64311.75515456021	8.349179389665295	173.00108922406633	3344
066032	2010	066032	POWER INTEGRATIONS INC	2010	303.2785724401643	155.18934627932612	0.444	167.35231351285736	135.92625892730692	58192.89052542133	30.169274046291267	35.42022405369393	3344
066032	2011	066032	POWER INTEGRATIONS INC	2011	307.5376522303091	184.07417597534803	0.443	177.76585099702484	129.77180123328426	60953.890816253	22.455037710307483	38.96248307870818	3344
066032	2012	066032	POWER INTEGRATIONS INC	2012	314.0923444041019	198.98805843881172	0.526	174.79105150015943	139.30129290394248	62223.95935118233	15.520365854815601	43.36840707040997	3344
066032	2013	066032	POWER INTEGRATIONS INC	2013	356.0690617370073	206.82986078669532	0.562	188.28625536018384	167.7828063768235	62682.861773938734	13.102076059616325	48.47955850884109	3344
066032	2014	066032	POWER INTEGRATIONS INC	2014	356.1951737589739	212.66306993750433	0.59	181.87673988746258	174.31843387151133	64311.75515456021	21.296176638912993	50.75137999150775	3344
066393	2010	066393	MERCURY SYSTEMS INC	2010	202.14660003641737	80.73297975032267	0.523	104.78473506383153	97.36186497258582	58192.89052542133	7.238809653062232	41.00873513300104	3344
066393	2011	066393	MERCURY SYSTEMS INC	2011	235.44611330155757	67.74995872998404	0.602	118.04793131491986	117.39818198663771	60953.890816253	8.533165731966736	43.0284277702572	3344
066393	2012	066393	MERCURY SYSTEMS INC	2012	251.9249560289232	67.04085727610929	0.713	118.53095666663238	133.39399936229083	62223.95935118233	8.944277351347761	43.629325312864694	3344
066393	2013	066393	MERCURY SYSTEMS INC	2013	214.19294610065862	71.34136846367063	0.756	130.00255237079136	84.19039372986725	62682.861773938734	3.641551225738634	30.6781919885873	3344
066393	2014	066393	MERCURY SYSTEMS INC	2014	213.156255425181	74.34300078492156	0.632	122.79461209317523	90.36164333200578	64311.75515456021	6.185500396920634	32.947181863496226	3344
066708	2010	066708	BROADCOM CORP	2010	6897.362777429341	394.2901045552228	8.95	3287.850061707165	3609.512715722176	58192.89052542133	107.51024033953512	1739.4492424616296	3344
066708	2011	066708	BROADCOM CORP	2011	7606.625557191242	666.3884666209624	9.59	3658.855969281133	3947.769587910109	60953.890816253	157.6097466640882	1917.4240959195513	3344
066708	2012	066708	BROADCOM CORP	2012	8234.676979727019	794.8572734408378	11.3	3812.2617076206247	4422.415272106395	62223.95935118233	231.50564057800506	2199.303585491048	3344
066708	2013	066708	BROADCOM CORP	2013	8519.871150413426	1024.5274638503677	12.55	3778.462730051909	4741.4084203615175	62682.861773938734	213.988061718662	2333.220708037692	3344
066708	2014	066708	BROADCOM CORP	2014	8606.762456215598	1260.8779733127055	10.65	3832.915249737038	4773.84720647856	64311.75515456021	241.8446655712888	2190.4480587811768	3344
110039	2010	110039	AMKOR TECHNOLOGY INC	2010	2973.5599975721775	3983.292320368783	19.9	1056.9512614562893	1916.608736115888	58192.89052542133	439.88451858066423	46.9170409120071	3344
110039	2011	110039	AMKOR TECHNOLOGY INC	2011	2858.130102224647	4359.832718868652	18.3	1137.4226623704178	1720.7074398542293	60953.890816253	451.26087797331274	48.71978340746471	3344
110039	2012	110039	AMKOR TECHNOLOGY INC	2012	2838.367464488855	4607.007668195967	18.9	1005.5970295094779	1832.7704349793773	62223.95935118233	506.1927758854616	51.34681252787081	3344
110039	2013	110039	AMKOR TECHNOLOGY INC	2013	3032.9407661215864	4988.1809997939245	20.9	976.4584829397401	2056.482283181846	62682.861773938734	531.4562450726432	60.653414423546195	3344
110039	2014	110039	AMKOR TECHNOLOGY INC	2014	3195.8171216159635	5150.483249763825	21.9	927.3067614350049	2268.5103601809583	64311.75515456021	628.7222847859398	70.9509479941662	3344
114370	2010	114370	IXYS CORP	2010	276.72324842697316	161.03397209633778	0.943	182.70680195035104	94.0164464766221	58192.89052542133	8.661106450180132	19.672309134876375	3344
114370	2011	114370	IXYS CORP	2011	250.38758891897177	150.5623705246261	1.157	137.83035649944927	112.55723241952252	60953.890816253	4.971959002127249	19.446915490233994	3344
114370	2012	114370	IXYS CORP	2012	373.64923937751354	153.04433414120462	1.244	202.9324089978709	170.71683037964266	62223.95935118233	8.401567407041947	26.11744167291289	3344
114370	2013	114370	IXYS CORP	2013	377.5251851699871	168.5685218059319	1.173	214.53492480354544	162.99026036644167	62682.861773938734	11.114239591545594	26.213537560536096	3344
114370	2014	114370	IXYS CORP	2014	285.9532489813425	176.72615154629545	1.01	163.97295834482196	121.98029063652051	64311.75515456021	6.638728377056141	25.86630236121624	3344
117768	2010	117768	NVIDIA CORP	2010	3464.56289072774	782.2500441205477	5.42	1945.866712525543	1518.696178202197	58192.89052542133	402.3787198341806	844.7702709371762	3344
117768	2011	117768	NVIDIA CORP	2011	3424.4175871689026	1023.2421082528605	5.706	1799.3110285261325	1625.10655864277	60953.890816253	75.03480951460065	878.7961709533939	3344
117768	2012	117768	NVIDIA CORP	2012	3644.5172438620493	1081.4857869583793	6.029	1800.103489914938	1844.4137539471112	62223.95935118233	92.87740637779063	805.364479064869	3344
117768	2013	117768	NVIDIA CORP	2013	4101.366462176081	1193.939	7.133	1722.8486776503419	2378.517784525739	62682.861773938734	130.2089199234148	940.9890378045576	3344
117768	2014	117768	NVIDIA CORP	2014	4370.943496420657	1141.5170507822138	7.974	1753.5220285326222	2617.4214678880344	64311.75515456021	169.20726641682205	1059.0230213967914	3344
124355	2010	124355	ALTIGEN COMMUNICATIONS INC	2010	16.83796305662897	3.847926267281106	0.112	7.301766241123273	9.536196815505695	58192.89052542133	0.29610620342496174	4.517593643586833	3344
124355	2011	124355	ALTIGEN COMMUNICATIONS INC	2011	18.19248705463305	4.231754690470287	0.115	7.344990168727289	10.847496885905764	60953.890816253	0.43415200154708955	6.014310578224714	3344
124355	2012	124355	ALTIGEN COMMUNICATIONS INC	2012	17.42488917231519	4.761904761904763	0.103	7.644191189327628	9.780697982987563	62223.95935118233	0.023719840223156256	4.512462404053246	3344
124355	2013	124355	ALTIGEN COMMUNICATIONS INC	2013	13.388662057079546	4.594165985871498	0.093	4.638496891606311	8.750165165473236	62682.861773938734	0.005631264782070053	3.7541765213800353	3344
124355	2014	124355	ALTIGEN COMMUNICATIONS INC	2014	9.779112159553936	4.522215531389843	0.04	4.750630597510288	5.028481562043648	64311.75515456021	0.1375376151531375	2.652906751343069	3344
124599	2010	124599	SILICON IMAGE INC	2010	193.56525785501853	53.181351023077646	0.432	92.99954276002994	100.56571509498858	58192.89052542133	4.605438483936239	54.59507476681637	3344
124599	2011	124599	SILICON IMAGE INC	2011	227.51829852067655	55.16108090562363	0.521	111.00751500427222	116.51078351640433	60953.890816253	7.562367046992844	64.33281763682074	3344
124599	2012	124599	SILICON IMAGE INC	2012	259.57232342141265	59.061322370674894	0.623	123.53248922580049	136.03983419561212	62223.95935118233	8.430031215309732	73.41005910984182	3344
124599	2013	124599	SILICON IMAGE INC	2013	283.5573154968301	63.88862935625526	0.64	136.1073472988777	147.44996819795236	62682.861773938734	5.406952734917596	72.26226677178362	3344
124599	2014	124599	SILICON IMAGE INC	2014	263.52542303646743	56.65643287927112	0.671	115.3162219294752	148.20920110699223	64311.75515456021	7.143648346779404	66.47220632488416	3344
125604	2010	125604	PLUG POWER INC	2010	19.698747648046613	42.91152832460222	0.149	33.80503166285633	-14.106284014809718	58192.89052542133	1.0857227458915266	12.733553767951438	3344
125604	2011	125604	PLUG POWER INC	2011	28.439658633504568	36.43838176212277	0.195	38.41613564067986	-9.976477007175292	60953.890816253	1.2821504544575517	5.468961516147747	3344
125604	2012	125604	PLUG POWER INC	2012	26.85372802731864	35.61099172609964	0.156	44.480857410283576	-17.62712938296494	62223.95935118233	0.07400590149624751	5.155744470905244	3344
125604	2013	125604	PLUG POWER INC	2013	27.289234493937094	37.60549379209608	0.214	36.1006298857178	-8.811395391780707	62682.861773938734	0.10417839846829598	2.9291962308067725	3344
125604	2014	125604	PLUG POWER INC	2014	65.59235317545418	34.59384890043009	0.326	69.87615167018986	-4.283798494735671	64311.75515456021	1.3042996658482102	5.971347868628501	3344
130762	2010	130762	INTERSIL CORP  -CL A	2010	831.9339632184838	320.5577066996388	1.762	363.2803811681874	468.65358205029645	58192.89052542133	20.50140650446627	180.9337215614667	3344
130762	2011	130762	INTERSIL CORP  -CL A	2011	782.8884382173999	329.1722670843608	1.643	353.9247573065402	428.96368091085964	60953.890816253	10.198220847031523	179.3250821891317	3344
130762	2012	130762	INTERSIL CORP  -CL A	2012	625.2265410448146	324.9576961807178	1.488	311.1680898552812	314.0584511895333	62223.95935118233	11.897871855935177	158.33847263204834	3344
130762	2013	130762	INTERSIL CORP  -CL A	2013	590.0767352633416	311.4379961648136	1.017	298.3547733847638	291.72196187857776	62682.861773938734	17.43908848594061	122.5184893193678	3344
130762	2014	130762	INTERSIL CORP  -CL A	2014	574.4870970047893	326.2362514530984	1.031	256.7065388111066	317.78055819368274	64311.75515456021	9.098713238687761	116.16943895729872	3344
133288	2010	133288	SILICON LABORATORIES INC	2010	499.0602302385336	103.4332765353964	0.845	217.43432739191132	281.6259028466223	58192.89052542133	13.6702363914524	122.21388738094063	3344
133288	2011	133288	SILICON LABORATORIES INC	2011	506.1046541553856	97.70261712707757	0.908	226.0423928597165	280.0622612956691	60953.890816253	8.40263005221427	131.45716495842197	3344
133288	2012	133288	SILICON LABORATORIES INC	2012	579.3834792178804	96.8662751994595	0.997	268.0595003239974	311.3239788938831	62223.95935118233	96.81774623566136	130.88797593859405	3344
133288	2013	133288	SILICON LABORATORIES INC	2013	595.0953035556741	200.969	1.06	273.31180368903745	321.78349986663665	62682.861773938734	9.828434132972932	148.10132522431206	3344
133288	2014	133288	SILICON LABORATORIES INC	2014	633.8694688683966	203.29467502344173	1.107	289.08383934315736	344.78562952523913	64311.75515456021	10.36147469861724	159.67747890782212	3344
133944	2010	133944	OCLARO INC	2010	397.09571691585575	121.0403583552967	2.865	166.36353612398077	230.73218079187498	58192.89052542133	11.956768494299956	40.95741005774071	3344
133944	2011	133944	OCLARO INC	2011	480.24480383779945	137.38109957808655	3.085	213.76908347831457	266.4757203594849	60953.890816253	40.25430284277702	63.326242506285055	3344
133944	2012	133944	OCLARO INC	2012	396.46791397097394	198.2635386500938	2.79	195.30477356181152	201.16314040916242	62223.95935118233	19.25291991233147	63.57201817888554	3344
133944	2013	133944	OCLARO INC	2013	601.1900121052956	170.21707309477094	2.782	416.638868257453	184.5511438478426	62682.861773938734	16.144836130194843	94.62401922138379	3344
133944	2014	133944	OCLARO INC	2014	399.16158614421533	156.674	1.294	308.9877311765366	90.1738549676787	64311.75515456021	8.082411800542767	59.277789059759634	3344
134932	2010	134932	ON SEMICONDUCTOR CORP	2010	2340.218908693629	2179.6082949308757	14.307	700.4021263681793	1639.81678232545	58192.89052542133	186.4482060899176	244.78112816463505	3344
134932	2011	134932	ON SEMICONDUCTOR CORP	2011	3543.684822779728	2447.18389504637	19.442	1500.8793378560622	2042.805484923666	60953.890816253	305.9369561013343	350.5124734093986	3344
134932	2012	134932	ON SEMICONDUCTOR CORP	2012	2977.5876078705655	2816.1558355802567	20.0	936.1776534359152	2041.4099544346504	62223.95935118233	243.17580196779795	348.681651280397	3344
134932	2013	134932	ON SEMICONDUCTOR CORP	2013	2854.6954184533943	2772.021547937811	22.0	685.9558054125033	2168.739613040891	62682.861773938734	145.66204902954536	313.66144836130195	3344
134932	2014	134932	ON SEMICONDUCTOR CORP	2014	3228.8634947867204	2531.3774954062724	24.5	710.9545254945214	2517.908969292199	64311.75515456021	188.58345487104697	338.39791755127663	3344
135044	2010	135044	PIXELWORKS INC	2010	70.3350395532806	18.73732045768076	0.243	34.53394096344102	35.801098589839576	58192.89052542133	1.7717021171593543	22.513941667077923	3344
135044	2011	135044	PIXELWORKS INC	2011	66.51190561978196	20.274821902292167	0.242	32.52059420006382	33.991311419718144	60953.890816253	2.5488300135370334	22.14852059562947	3344
135044	2012	135044	PIXELWORKS INC	2012	61.41550867593059	21.521754250002484	0.233	26.71737346101231	34.698135214918274	62223.95935118233	1.741036272379669	19.694108940482177	3344
135044	2013	135044	PIXELWORKS INC	2013	49.36293317466506	21.451	0.223	18.01047826176163	31.352454912903426	62682.861773938734	1.589893756804445	19.394075909449263	3344
135044	2014	135044	PIXELWORKS INC	2014	62.21520990982711	21.733	0.22	26.763150638767197	35.45205927105991	64311.75515456021	2.640906825188768	23.350010153783668	3344
137704	2010	137704	OMNIVISION TECHNOLOGIES INC	2010	513.1972403746939	113.60895009289894	1.328	360.7051530539988	152.49208732069516	58192.89052542133	31.808715392587473	83.7793021763806	3344
137704	2011	137704	OMNIVISION TECHNOLOGIES INC	2011	620.7506768651108	151.07	1.45	422.7236228497307	198.02705401538012	60953.890816253	13.069038870624638	74.75439953587315	3344
137704	2012	137704	OMNIVISION TECHNOLOGIES INC	2012	983.7960153461629	169.021	1.465	650.9358485132119	332.860166832951	62223.95935118233	9.784908488856418	83.98626146854275	3344
137704	2013	137704	OMNIVISION TECHNOLOGIES INC	2013	920.9565235232566	176.21181463751665	1.796	598.471253000677	322.4852705225795	62682.861773938734	22.699628336524384	103.92499155310283	3344
137704	2014	137704	OMNIVISION TECHNOLOGIES INC	2014	1437.7919385639736	221.1459310072546	2.057	1106.985455919447	330.80648264452674	64311.75515456021	32.60564550371998	104.48612623922315	3344
137874	2010	137874	SMTC CORP	2010	265.6240516316993	68.75069037887992	1.5	164.06417545066458	101.55987618103468	58192.89052542133	1.193307999802596	0.0	3344
137874	2011	137874	SMTC CORP	2011	226.84091868353596	73.01615168539325	1.875	102.97537549285046	123.86554319068551	60953.890816253	0.8818410365499904	0.0	3344
137874	2012	137874	SMTC CORP	2012	304.76841899550516	76.40050013484027	2.3	148.92690001337132	155.84151898213386	62223.95935118233	6.010607512547795	0.0	3344
137874	2013	137874	SMTC CORP	2013	277.6872730257084	85.24234474980999	1.8	164.86838055766432	112.81889246804408	62682.861773938734	2.4083042384652926	0.0	3344
137874	2014	137874	SMTC CORP	2014	233.4252422822013	57.75806451612903	1.37	140.16000326787372	93.26523901432759	64311.75515456021	1.8193734192404971	0.0	3344
140759	2010	140759	IXIA	2010	280.0240759099278	74.60947009656739	1.1	101.14350456228377	178.880571347644	58192.89052542133	14.664166214282188	71.54715491289542	3344
140759	2011	140759	IXIA	2011	317.4378982694901	85.93201983168898	1.3	95.48482072082273	221.95307754866738	60953.890816253	14.763101914523304	72.61748211177722	3344
140759	2012	140759	IXIA	2012	425.24299805601555	98.884	1.71	126.94201989241228	298.3009781636033	62223.95935118233	16.81831551182671	93.14211979468105	3344
140759	2013	140759	IXIA	2013	479.3450829930856	97.83546365296353	1.846	161.76235458257247	317.58272841051314	62682.861773938734	11.385478845215303	110.28081240379922	3344
140759	2014	140759	IXIA	2014	474.30940637031136	116.3856120672984	1.755	194.30074650490693	280.00865986540447	64311.75515456021	7.442723429394281	106.2971920172799	3344
142814	2010	142814	SYNAPTICS INC	2010	520.8590446517086	38.559282444174535	0.586	327.58185202419725	193.27719262751134	58192.89052542133	8.949316488180427	85.42861372945764	3344
142814	2011	142814	SYNAPTICS INC	2011	616.1665242590515	45.78079823541685	0.676	377.9347532916749	238.23177096737658	60953.890816253	11.187391220266873	101.5306517114678	3344
142814	2012	142814	SYNAPTICS INC	2012	563.8871460456887	55.665	0.697	318.7839173858037	245.10322865988502	62223.95935118233	9.828552994867026	111.91400134728691	3344
142814	2013	142814	SYNAPTICS INC	2013	680.7566835593673	58.032	0.852	364.61980754631816	316.13687601304906	62682.861773938734	45.53722266020948	135.80639711679245	3344
142814	2014	142814	SYNAPTICS INC	2014	967.6368166824954	92.10876967872477	1.23	517.462210103857	450.1746065786383	64311.75515456021	35.69978030904425	177.85829010283015	3344
160213	2010	160213	GSI TECHNOLOGY INC	2010	62.828008982944546	14.737943858633324	0.108	37.704283084144286	25.12372589880026	58192.89052542133	0.6652519370280808	5.662537630163352	3344
160213	2011	160213	GSI TECHNOLOGY INC	2011	69.54776145523427	15.2787101744346	0.127	38.62746167862548	30.920299776608783	60953.890816253	5.822858247921099	8.769096886482306	3344
160213	2012	160213	GSI TECHNOLOGY INC	2012	100.55542412803555	24.27635547747309	0.133	54.150799707888055	46.4046244201475	62223.95935118233	4.079812518382876	10.087573650103892	3344
160213	2013	160213	GSI TECHNOLOGY INC	2013	84.67551652680606	26.65544104520003	0.137	55.43612507437576	29.239391452430297	62682.861773938734	1.5758155948492698	9.983293914479859	3344
160213	2014	160213	GSI TECHNOLOGY INC	2014	67.4141927841263	27.781255278349082	0.14	40.59348671915688	26.820706064969414	64311.75515456021	0.3553824284158251	10.58947329554895	3344
160797	2010	160797	IKANOS COMMUNICATIONS INC	2010	193.89908349687417	30.15905217885255	0.386	121.41841908268759	72.48066441418658	58192.89052542133	4.363618417805854	59.980259586438336	3344
160797	2011	160797	IKANOS COMMUNICATIONS INC	2011	140.61396555451466	31.65817162955677	0.337	62.89464581681921	77.71931973769546	60953.890816253	3.681106169019532	53.950879907174624	3344
160797	2012	160797	IKANOS COMMUNICATIONS INC	2012	129.5454779218909	33.821176984907645	0.263	62.29652654207335	67.24895137981754	62223.95935118233	6.498287427535888	54.596430638443216	3344
160797	2013	160797	IKANOS COMMUNICATIONS INC	2013	81.81230636656475	40.403	0.263	37.68150146699768	44.13080489956708	62682.861773938734	4.006644892442843	47.93614145737133	3344
160797	2014	160797	IKANOS COMMUNICATIONS INC	2014	49.38982670057085	44.09768795890588	0.235	23.64780490793787	25.74202179263298	64311.75515456021	3.5575165691288055	44.42188048073551	3344
160888	2010	160888	MONOLITHIC POWER SYSTEMS INC	2010	221.37698019301192	41.6093099546337	0.889	85.79661521031015	135.58036498270175	58192.89052542133	22.483344026057345	43.79608152790801	3344
160888	2011	160888	MONOLITHIC POWER SYSTEMS INC	2011	202.30700336631014	68.14290351375476	0.922	77.4769968807585	124.83000648555165	60953.890816253	20.326822664861727	43.045832527557536	3344
160888	2012	160888	MONOLITHIC POWER SYSTEMS INC	2012	219.92018349567488	88.09847439746814	0.993	84.37661047283049	135.54357302284438	62223.95935118233	19.980644610377905	46.2973329411653	3344
160888	2013	160888	MONOLITHIC POWER SYSTEMS INC	2013	244.251010484417	104.75125935199262	1.105	87.77907835614191	156.4719321282751	62682.861773938734	14.79520967075872	46.67661523444832	3344
160888	2014	160888	MONOLITHIC POWER SYSTEMS INC	2014	288.52772076018914	123.02800878317288	1.178	112.03422280771628	176.49349795247286	64311.75515456021	8.779330588734839	54.08274410619012	3344
163772	2010	163772	SPANSION INC	2010	1181.850001011593	517.9078853243823	3.4	744.7332429643718	437.11675804722114	58192.89052542133	62.52282485318067	99.17781177515668	3344
163772	2011	163772	SPANSION INC	2011	1069.1720112416228	386.6753225675566	3.375	579.4554710260554	489.7165402155675	60953.890816253	64.31057822471476	103.11738541868111	3344
163772	2012	163772	SPANSION INC	2012	942.093948962694	434.3374623698366	2.838	515.7538360264546	426.34011293623945	62223.95935118233	40.12068654705542	102.32739072269608	3344
163772	2013	163772	SPANSION INC	2013	996.8300539608938	451.8551053644574	3.685	557.2951127433884	439.53494121750543	62682.861773938734	52.560348387581186	118.97736231557609	3344
163772	2014	163772	SPANSION INC	2014	1278.4075242792806	505.8520456003553	3.893	749.7538188168254	528.6537054624553	64311.75515456021	55.21812173463548	158.0325659534403	3344
165051	2010	165051	SUNPOWER CORP	2010	2244.9572096222714	862.7072838733395	5.15	1601.801748032452	643.1554615898192	58192.89052542133	117.60548783497015	48.45284508710458	3344
165051	2011	165051	SUNPOWER CORP	2011	2380.6030533565304	858.5005017536538	5.22	1993.7191035526412	386.88394980388927	60953.890816253	127.09920711661186	55.86443627924966	3344
165051	2012	165051	SUNPOWER CORP	2012	2486.5525647223394	985.792	5.02	2063.9376279275484	422.6149367947912	62223.95935118233	99.42028710494606	60.20664724802413	3344
165051	2013	165051	SUNPOWER CORP	2013	2572.0706210632143	1155.429	6.32	1903.243152301032	668.8274687621823	62682.861773938734	143.17115290760972	54.51064309043811	3344
165051	2014	165051	SUNPOWER CORP	2014	3091.474934387222	1337.118	7.188	2116.138713070474	975.3362213167485	64311.75515456021	154.09382096110178	67.70081414883602	3344
175404	2010	175404	FIRST SOLAR INC	2010	2593.233455398871	1232.0173659011602	6.1	1219.5049264571994	1373.7285289416716	58192.89052542133	581.2702956126931	93.56659922025366	3344
175404	2011	175404	FIRST SOLAR INC	2011	2847.6790990230493	1782.5608314207082	7.0	1424.2816994204181	1423.3973996026314	60953.890816253	707.6136143879327	135.8760394507832	3344
175404	2012	175404	FIRST SOLAR INC	2012	3464.761424765745	2433.745	5.6	2206.1923618896767	1258.569062876068	62223.95935118233	359.80910272588403	125.67720143837111	3344
175404	2013	175404	FIRST SOLAR INC	2013	3394.6008330084737	2328.883	4.85	2240.6279365600444	1153.9728964484295	62682.861773938734	265.21004617637124	126.0464767053347	3344
175404	2014	175404	FIRST SOLAR INC	2014	3463.75621661918	2295.626511375413	6.06	2240.9928617383043	1222.7633548808756	64311.75515456021	237.7360754703048	132.8936437314232	3344
175955	2010	175955	IPG PHOTONICS CORP	2010	302.72523114896717	212.53484311109668	1.76	82.25589252837514	220.469338620592	58192.89052542133	28.005724719932882	18.911316192074224	3344
175955	2011	175955	IPG PHOTONICS CORP	2011	488.45674754732914	226.73383640077472	2.137	132.6205025787789	355.8362449685502	60953.890816253	51.2541094565848	24.581318893830982	3344
175955	2012	175955	IPG PHOTONICS CORP	2012	578.5955998066302	272.27672407528524	2.4	156.36999475432768	422.22560505230246	62223.95935118233	64.69254343102745	29.79306811389318	3344
175955	2013	175955	IPG PHOTONICS CORP	2013	664.8002626233612	342.0940517731072	2.8	189.26157697121403	475.53868565214714	62682.861773938734	66.56061117993768	39.09974847017307	3344
175955	2014	175955	IPG PHOTONICS CORP	2014	786.1605547215669	401.1326716146532	3.03	219.48645364214732	566.6741010794196	64311.75515456021	81.78503516901435	49.29477357062418	3344
176035	2010	176035	NETLIST INC	2010	38.293847492261314	12.10875455479772	0.232	23.616614401035864	14.67723309122545	58192.89052542133	0.9297734787543799	14.570399249864286	3344
176035	2011	176035	NETLIST INC	2011	62.51762937646053	13.131948389190942	0.276	33.548873264085486	28.968756112375054	60953.890816253	0.7193966350802553	14.430477663894797	3344
176035	2012	176035	NETLIST INC	2012	37.92621087602728	13.966769455489734	0.158	26.746378943254165	11.17983193277311	62223.95935118233	1.6110515479567729	12.187253906657684	3344
176035	2013	176035	NETLIST INC	2013	23.644309485217175	15.490343260569666	0.124	17.601255667945587	6.043053817271589	62682.861773938734	0.11168675151105605	6.2722904230956935	3344
176035	2014	176035	NETLIST INC	2014	19.60213637245591	15.340454908800233	0.114	20.530147156439245	-0.9280107839833349	64311.75515456021	0.13015304521202944	4.4630494581571805	3344
178865	2010	178865	RUBICON TECHNOLOGY INC	2010	78.25884637950917	64.93485876363944	0.25	27.219434721913117	51.039411657596055	58192.89052542133	48.787445096974785	1.064995311651779	3344
178865	2011	178865	RUBICON TECHNOLOGY INC	2011	137.94665376419357	111.19519968440832	0.376	46.70836636160554	91.23828740258804	60953.890816253	46.633146393347516	1.7462773157996518	3344
178865	2012	178865	RUBICON TECHNOLOGY INC	2012	69.16367526202647	156.98389190943763	0.322	47.80688520206123	21.35679005996524	62223.95935118233	10.413009857965596	2.157556666698293	3344
178865	2013	178865	RUBICON TECHNOLOGY INC	2013	42.58704528201235	164.3297862827506	0.292	44.196860830136025	-1.6098155481236764	62682.861773938734	8.185043360738822	2.123925366970755	3344
178865	2014	178865	RUBICON TECHNOLOGY INC	2014	46.65400365593374	172.658	0.283	56.415542824464126	-9.76153916853038	64311.75515456021	6.315653442132664	1.7178355825502614	3344
178943	2010	178943	ENTROPIC COMMUNICATIONS INC	2010	212.6742468691201	19.796913966635866	0.3	106.91545106925363	105.75879579986648	58192.89052542133	3.5661057099146225	48.08468637417954	3344
178943	2011	178943	ENTROPIC COMMUNICATIONS INC	2011	247.71512986545054	23.486	0.344	118.69049506377459	129.02463480167594	60953.890816253	4.1520015470895375	58.07870818023593	3344
178943	2012	178943	ENTROPIC COMMUNICATIONS INC	2012	330.8661530707754	27.350045207507428	0.693	154.99549695031013	175.8706561204653	62223.95935118233	8.597018890480753	93.31669781872348	3344
178943	2013	178943	ENTROPIC COMMUNICATIONS INC	2013	266.0867067440858	38.820510289690574	0.639	128.56728902931943	137.5194177147664	62682.861773938734	7.820888238164959	107.49709051319593	3344
178943	2014	178943	ENTROPIC COMMUNICATIONS INC	2014	195.68334303483348	44.41597369947786	0.316	108.79321916199463	86.89012387283886	64311.75515456021	11.121162331308732	108.21533405948271	3344
180597	2010	180597	STR HOLDINGS INC	2010	376.13955935015275	89.8387433306507	2.2	133.7161875088514	242.42337184130136	58192.89052542133	19.173863692444357	1.7766372205497705	3344
180597	2011	180597	STR HOLDINGS INC	2011	239.27670657511402	106.631	0.5	146.26463109564645	93.01207547946757	60953.890816253	20.824792109843354	2.4772771224134593	3344
180597	2012	180597	STR HOLDINGS INC	2012	98.06835831027637	82.31653753146128	0.375	80.64038344836098	17.42797486191539	62223.95935118233	10.130269362505572	4.1471768646166405	3344
180597	2013	180597	STR HOLDINGS INC	2013	32.68429799544513	44.518468381357565	0.2	36.578099673772535	-3.8938016783274105	62682.861773938734	2.1004617637121297	2.5059128280211733	3344
180597	2014	180597	STR HOLDINGS INC	2014	40.12131981250574	48.713	0.22	43.968505866854564	-3.8471860543488243	64311.75515456021	2.875366920818949	1.070762641460668	3344
181290	2010	181290	DIGIMARC CORP	2010	31.511117405466646	1.8520174471171522	0.098	13.181512128998317	18.329605276468328	58192.89052542133	0.7708631495829837	5.613186596259192	3344
181290	2011	181290	DIGIMARC CORP	2011	37.10044369408786	2.645	0.109	15.577790588743964	21.522653105343892	60953.890816253	0.6555791916457165	7.084703152194933	3344
181290	2012	181290	DIGIMARC CORP	2012	45.64249200292112	3.323	0.124	12.778350801765015	32.8641412011561	62223.95935118233	0.5408123570879626	8.293404935624352	3344
181290	2013	181290	DIGIMARC CORP	2013	35.8686062496153	3.3450130780239844	0.149	14.618480067297238	21.25012618231806	62682.861773938734	1.5429665502871945	11.519690655854637	3344
181290	2014	181290	DIGIMARC CORP	2014	26.202220111720433	4.85979501063624	0.15	16.035660672160777	10.166559439559656	64311.75515456021	1.291376668451271	12.656229807816567	3344
182012	2010	182012	GIGPEAK INC	2010	27.18756954700872	8.899636987098756	0.083	14.388231128735308	12.799338418273415	58192.89052542133	1.1419829245422692	8.54661205152248	3344
182012	2011	182012	GIGPEAK INC	2011	33.21837778852984	9.907287186561712	0.08	18.48608694756998	14.732290840959859	60953.890816253	2.391220266872945	11.8565074453684	3344
182012	2012	182012	GIGPEAK INC	2012	37.783240591218124	12.724671376196012	0.084	20.438924945743288	17.344315645474836	62223.95935118233	1.8605842671043766	12.823894418247198	3344
182012	2013	182012	GIGPEAK INC	2013	29.674388067051026	15.297	0.076	12.553856254744659	17.120531812306368	62682.861773938734	1.4416037842099336	13.025115440928033	3344
182012	2014	182012	GIGPEAK INC	2014	33.64582375948449	15.663031140502394	0.077	16.243219672599903	17.402604086884594	64311.75515456021	1.1021470637103772	12.675614303911976	3344
184551	2010	184551	MAXLINEAR INC	2010	69.4974406700791	5.0785345749374535	0.21	23.791187003054997	45.7062536670241	58192.89052542133	2.921581207126289	27.365148299856884	3344
184551	2011	184551	MAXLINEAR INC	2011	74.05573456593129	8.307252079048556	0.256	29.31596989880481	44.73976466712649	60953.890816253	2.86404950686521	38.8280796751112	3344
184551	2012	184551	MAXLINEAR INC	2012	100.51942441603323	11.482	0.274	45.39779270337264	55.1216317126606	62223.95935118233	4.796151693122194	44.016433105306604	3344
184551	2013	184551	MAXLINEAR INC	2013	122.74154168119986	14.968168583131815	0.336	53.62310264880282	69.11843903239705	62682.861773938734	2.9676765401509178	49.86672673349101	3344
184551	2014	184551	MAXLINEAR INC	2014	135.93537779684036	15.8064204215819	0.378	57.38291514761596	78.55246264922441	64311.75515456021	8.123026935218862	52.26890911440545	3344
185138	2010	185138	VISHAY PRECISION GROUP INC	2010	209.9297954559249	120.08474109943323	2.3	39.25506302223483	170.67473243369008	58192.89052542133	8.288999654542762	5.922124068499235	3344
185138	2011	185138	VISHAY PRECISION GROUP INC	2011	245.11987975993165	127.06103103070532	2.35	66.48050731426102	178.63937244567066	60953.890816253	15.752272287758654	6.575130535679752	3344
185138	2012	185138	VISHAY PRECISION GROUP INC	2012	223.83180934552524	138.3915247600199	2.25	53.560371517027846	170.2714378284974	62223.95935118233	7.895860413484254	6.072279097128002	3344
185138	2013	185138	VISHAY PRECISION GROUP INC	2013	246.49151603438725	140.38756654354566	2.387	60.470594390529165	186.02092164385812	62682.861773938734	6.33329579156812	8.728460412208582	3344
185138	2014	185138	VISHAY PRECISION GROUP INC	2014	256.14309202128203	138.08693305096182	2.536	55.643581181132134	200.4995108401499	64311.75515456021	9.00825225690919	9.323019550648919	3344
233491	2010	233491	MAGNACHIP SEMICONDUCTOR CORP	2010	779.3361927691343	684.9302020383756	3.337	345.07934732029054	434.25684544884376	58192.89052542133	43.04989389527711	84.41691753442235	3344
233491	2011	233491	MAGNACHIP SEMICONDUCTOR CORP	2011	795.5929132480261	221.288	3.342	368.315691946592	427.2772213014341	60953.890816253	46.5799651904854	74.22838909301875	3344
233491	2012	233491	MAGNACHIP SEMICONDUCTOR CORP	2012	843.0021702683521	263.207	3.597	392.63640085165025	450.3657694167018	62223.95935118233	58.37168040836077	74.6918792755012	3344
233491	2013	233491	MAGNACHIP SEMICONDUCTOR CORP	2013	753.1719977841154	343.7042886048463	3.479	428.9954061429246	324.17659164119084	62682.861773938734	39.872170289447006	82.46236438037316	3344
233491	2014	233491	MAGNACHIP SEMICONDUCTOR CORP	2014	713.0275828967658	385.62305680304	3.399	395.5818101978084	317.4457726989574	64311.75515456021	16.07897797552015	85.62870382336109	3344
264416	2010	264416	ULTRA CLEAN HOLDINGS INC	2010	448.27118781232934	23.178850000529174	1.241	342.3809193355858	105.89026847674353	58192.89052542133	3.767457928243597	5.415782460642551	3344
264416	2011	264416	ULTRA CLEAN HOLDINGS INC	2011	465.97041353112553	26.867188078783325	1.155	362.57780088327036	103.39261264785515	60953.890816253	3.851286018178302	5.37226842003481	3344
264416	2012	264416	ULTRA CLEAN HOLDINGS INC	2012	414.953251802557	31.4450265187258	1.506	297.71250012857035	117.24075167398662	62223.95935118233	0.5778153078360864	4.858772071311328	3344
264416	2013	264416	ULTRA CLEAN HOLDINGS INC	2013	455.50996122201934	28.928629392193457	1.622	322.483592195162	133.02636902685737	62682.861773938734	2.7809062582122612	5.2023501145023845	3344
264416	2014	264416	ULTRA CLEAN HOLDINGS INC	2014	527.7176965574992	30.523	1.546	385.25893201801404	142.45876453948514	64311.75515456021	4.923662008233795	6.523344471726328	3344
